<?xml version="1.0" encoding="UTF-8"?>
<!-- Generated by org.testng.reporters.JUnitXMLReporter -->
<testsuite ignored="20" hostname="T14s" failures="0" tests="0" name="chrome" time="0.446" errors="0" timestamp="2024-03-02T14:07:14 ICT">
  <testcase classname="com.clean.driver.DriverBase" name="@BeforeSuite initWebDriverObject" time="0.0">
    <ignored/>
  </testcase> <!-- @BeforeSuite initWebDriverObject -->
  <testcase classname="com.clean.driver.DriverBase" name="@AfterSuite afterSuite" time="0.0">
    <ignored/>
  </testcase> <!-- @AfterSuite afterSuite -->
  <testcase classname="com.clean.driver.DriverBase" name="@BeforeSuite initWebDriverObject" time="0.0">
    <ignored/>
  </testcase> <!-- @BeforeSuite initWebDriverObject -->
  <testcase classname="com.clean.driver.DriverBase" name="@BeforeSuite initWebDriverObject" time="0.0">
    <ignored/>
  </testcase> <!-- @BeforeSuite initWebDriverObject -->
  <testcase classname="com.clean.driver.DriverBase" name="@BeforeSuite initWebDriverObject" time="0.0">
    <ignored/>
  </testcase> <!-- @BeforeSuite initWebDriverObject -->
  <testcase classname="com.clean.driver.DriverBase" name="@AfterSuite afterSuite" time="0.0">
    <ignored/>
  </testcase> <!-- @AfterSuite afterSuite -->
  <testcase classname="com.clean.driver.DriverBase" name="@AfterSuite afterSuite" time="0.0">
    <ignored/>
  </testcase> <!-- @AfterSuite afterSuite -->
  <testcase classname="com.clean.driver.DriverBase" name="@AfterSuite afterSuite" time="0.0">
    <ignored/>
  </testcase> <!-- @AfterSuite afterSuite -->
  <testcase classname="com.clean.driver.DriverBase" name="@AfterSuite afterSuite" time="0.0">
    <ignored/>
  </testcase> <!-- @AfterSuite afterSuite -->
  <testcase classname="com.clean.driver.DriverBase" name="@BeforeSuite initWebDriverObject" time="0.0">
    <ignored/>
  </testcase> <!-- @BeforeSuite initWebDriverObject -->
  <testcase classname="com.clean.driver.DriverBase" name="@AfterSuite afterSuite" time="0.0">
    <ignored/>
  </testcase> <!-- @AfterSuite afterSuite -->
  <testcase classname="com.clean.driver.DriverBase" name="@BeforeSuite initWebDriverObject" time="0.0">
    <ignored/>
  </testcase> <!-- @BeforeSuite initWebDriverObject -->
  <testcase classname="com.clean.driver.DriverBase" name="@BeforeSuite initWebDriverObject" time="0.0">
    <ignored/>
  </testcase> <!-- @BeforeSuite initWebDriverObject -->
  <testcase classname="com.clean.driver.DriverBase" name="@BeforeSuite initWebDriverObject" time="0.0">
    <ignored/>
  </testcase> <!-- @BeforeSuite initWebDriverObject -->
  <testcase classname="com.clean.driver.DriverBase" name="@AfterSuite afterSuite" time="0.0">
    <ignored/>
  </testcase> <!-- @AfterSuite afterSuite -->
  <testcase classname="com.clean.driver.DriverBase" name="@AfterSuite afterSuite" time="0.0">
    <ignored/>
  </testcase> <!-- @AfterSuite afterSuite -->
  <testcase classname="com.clean.driver.DriverBase" name="@AfterSuite afterSuite" time="0.0">
    <ignored/>
  </testcase> <!-- @AfterSuite afterSuite -->
  <testcase classname="com.clean.driver.DriverBase" name="@BeforeSuite initWebDriverObject" time="0.0">
    <ignored/>
  </testcase> <!-- @BeforeSuite initWebDriverObject -->
  <testcase classname="com.clean.driver.DriverBase" name="@AfterSuite afterSuite" time="0.0">
    <ignored/>
  </testcase> <!-- @AfterSuite afterSuite -->
  <testcase classname="com.clean.driver.DriverBase" name="@BeforeSuite initWebDriverObject" time="0.0">
    <ignored/>
  </testcase> <!-- @BeforeSuite initWebDriverObject -->
</testsuite> <!-- chrome -->
