<?xml version="1.0" encoding="UTF-8"?>
<!-- Generated by org.testng.reporters.JUnitXMLReporter -->
<testsuite ignored="22" hostname="T14s" failures="0" tests="0" name="edge" time="0.394" errors="0" timestamp="2024-03-02T11:56:17 ICT">
  <testcase classname="com.clean.driver.DriverBase" name="@AfterSuite afterSuite" time="0.0">
    <ignored/>
  </testcase> <!-- @AfterSuite afterSuite -->
  <testcase classname="com.clean.driver.DriverBase" name="@AfterSuite afterSuite" time="0.0">
    <ignored/>
  </testcase> <!-- @AfterSuite afterSuite -->
  <testcase classname="com.clean.driver.DriverBase" name="@AfterSuite afterSuite" time="0.0">
    <ignored/>
  </testcase> <!-- @AfterSuite afterSuite -->
  <testcase classname="com.clean.driver.DriverBase" name="@BeforeSuite initWebDriverObject" time="0.0">
    <ignored/>
  </testcase> <!-- @BeforeSuite initWebDriverObject -->
  <testcase classname="com.clean.driver.DriverBase" name="@AfterSuite afterSuite" time="0.0">
    <ignored/>
  </testcase> <!-- @AfterSuite afterSuite -->
  <testcase classname="com.clean.driver.DriverBase" name="@BeforeSuite initWebDriverObject" time="0.0">
    <ignored/>
  </testcase> <!-- @BeforeSuite initWebDriverObject -->
  <testcase classname="com.clean.driver.DriverBase" name="@AfterSuite afterSuite" time="0.0">
    <ignored/>
  </testcase> <!-- @AfterSuite afterSuite -->
  <testcase classname="com.clean.driver.DriverBase" name="@BeforeSuite initWebDriverObject" time="0.0">
    <ignored/>
  </testcase> <!-- @BeforeSuite initWebDriverObject -->
  <testcase classname="com.clean.driver.DriverBase" name="@BeforeSuite initWebDriverObject" time="0.0">
    <ignored/>
  </testcase> <!-- @BeforeSuite initWebDriverObject -->
  <testcase classname="com.clean.driver.DriverBase" name="@AfterSuite afterSuite" time="0.0">
    <ignored/>
  </testcase> <!-- @AfterSuite afterSuite -->
  <testcase classname="testclass.client.idp.IdPLoginTest" name="loginIdPViaUserRight" time="0.0">
    <ignored/>
  </testcase> <!-- loginIdPViaUserRight -->
  <testcase classname="com.clean.driver.DriverBase" name="@AfterSuite afterSuite" time="0.0">
    <ignored/>
  </testcase> <!-- @AfterSuite afterSuite -->
  <testcase classname="com.clean.driver.DriverBase" name="@BeforeSuite initWebDriverObject" time="0.0">
    <ignored/>
  </testcase> <!-- @BeforeSuite initWebDriverObject -->
  <testcase classname="com.clean.driver.DriverBase" name="@AfterSuite afterSuite" time="0.0">
    <ignored/>
  </testcase> <!-- @AfterSuite afterSuite -->
  <testcase classname="com.clean.driver.DriverBase" name="@BeforeSuite initWebDriverObject" time="0.0">
    <ignored/>
  </testcase> <!-- @BeforeSuite initWebDriverObject -->
  <testcase classname="com.clean.driver.DriverBase" name="@BeforeSuite initWebDriverObject" time="0.0">
    <ignored/>
  </testcase> <!-- @BeforeSuite initWebDriverObject -->
  <testcase classname="com.clean.driver.DriverBase" name="@BeforeSuite initWebDriverObject" time="0.0">
    <ignored/>
  </testcase> <!-- @BeforeSuite initWebDriverObject -->
  <testcase classname="com.clean.driver.DriverBase" name="@BeforeSuite initWebDriverObject" time="0.0">
    <ignored/>
  </testcase> <!-- @BeforeSuite initWebDriverObject -->
  <testcase classname="com.clean.driver.DriverBase" name="@AfterSuite afterSuite" time="0.0">
    <ignored/>
  </testcase> <!-- @AfterSuite afterSuite -->
  <testcase classname="com.clean.driver.DriverBase" name="@BeforeSuite initWebDriverObject" time="0.0">
    <ignored/>
  </testcase> <!-- @BeforeSuite initWebDriverObject -->
  <testcase classname="testclass.client.idp.IdPLoginTest" name="loginIdPViaAdminRight" time="0.0">
    <ignored/>
  </testcase> <!-- loginIdPViaAdminRight -->
  <testcase classname="com.clean.driver.DriverBase" name="@AfterSuite afterSuite" time="0.0">
    <ignored/>
  </testcase> <!-- @AfterSuite afterSuite -->
</testsuite> <!-- edge -->
