<?xml version="1.0" encoding="UTF-8"?>
<testng-results retried="60" ignored="60" total="198" passed="9" failed="30" skipped="39">
  <reporter-output>
  </reporter-output>
  <suite started-at="2024-03-02T14:07:13 ICT" name="Regression" finished-at="2024-03-02T14:28:23 ICT" duration-ms="1269421">
    <groups>
      <group name="regression">
        <method signature="AdministratorTest.createANewAdminUser(java.lang.String,java.lang.String)[pri:0, instance:testclass.client.sesweb.AdministratorTest@47caedad]" name="createANewAdminUser" class="testclass.client.sesweb.AdministratorTest"/>
        <method signature="AdministratorTest.addNewAdministratorUser(java.lang.String,java.lang.String)[pri:0, instance:testclass.client.sesweb.AdministratorTest@47caedad]" name="addNewAdministratorUser" class="testclass.client.sesweb.AdministratorTest"/>
        <method signature="AdministratorTest.assignAdminRoleToAdminUser(java.lang.String,java.lang.String)[pri:0, instance:testclass.client.sesweb.AdministratorTest@47caedad]" name="assignAdminRoleToAdminUser" class="testclass.client.sesweb.AdministratorTest"/>
        <method signature="FolderTest.AddNewFolder(java.lang.String,java.lang.String)[pri:0, instance:testclass.client.sesweb.FolderTest@7139992f]" name="AddNewFolder" class="testclass.client.sesweb.FolderTest"/>
        <method signature="FolderTest.AddNewFolderWithOneChar(java.lang.String,java.lang.String)[pri:0, instance:testclass.client.sesweb.FolderTest@7139992f]" name="AddNewFolderWithOneChar" class="testclass.client.sesweb.FolderTest"/>
        <method signature="FolderTest.AssignKeyToFolder(java.lang.String,java.lang.String)[pri:0, instance:testclass.client.sesweb.FolderTest@7139992f]" name="AssignKeyToFolder" class="testclass.client.sesweb.FolderTest"/>
        <method signature="FolderTest.CheckExtendIconOnFolderTree(java.lang.String,java.lang.String)[pri:0, instance:testclass.client.sesweb.FolderTest@7139992f]" name="CheckExtendIconOnFolderTree" class="testclass.client.sesweb.FolderTest"/>
        <method signature="FolderTest.CreateNewFolderWith64Character(java.lang.String,java.lang.String)[pri:0, instance:testclass.client.sesweb.FolderTest@7139992f]" name="CreateNewFolderWith64Character" class="testclass.client.sesweb.FolderTest"/>
        <method signature="FolderTest.DeleteFolderInFolderP(java.lang.String,java.lang.String)[pri:0, instance:testclass.client.sesweb.FolderTest@7139992f]" name="DeleteFolderInFolderP" class="testclass.client.sesweb.FolderTest"/>
        <method signature="FolderTest.RemoveKeyInFolder(java.lang.String,java.lang.String)[pri:0, instance:testclass.client.sesweb.FolderTest@7139992f]" name="RemoveKeyInFolder" class="testclass.client.sesweb.FolderTest"/>
        <method signature="FolderTest.SelectFolderAndGotoFolderProperties(java.lang.String,java.lang.String)[pri:0, instance:testclass.client.sesweb.FolderTest@7139992f]" name="SelectFolderAndGotoFolderProperties" class="testclass.client.sesweb.FolderTest"/>
        <method signature="FolderTest.VerifyBackFeatureAtGroupTab(java.lang.String,java.lang.String)[pri:0, instance:testclass.client.sesweb.FolderTest@7139992f]" name="VerifyBackFeatureAtGroupTab" class="testclass.client.sesweb.FolderTest"/>
        <method signature="FolderTest.VerifyBackFeatureInKeyTab(java.lang.String,java.lang.String)[pri:0, instance:testclass.client.sesweb.FolderTest@7139992f]" name="VerifyBackFeatureInKeyTab" class="testclass.client.sesweb.FolderTest"/>
        <method signature="FolderTest.VerifyBackFeatureInUserTab(java.lang.String,java.lang.String)[pri:0, instance:testclass.client.sesweb.FolderTest@7139992f]" name="VerifyBackFeatureInUserTab" class="testclass.client.sesweb.FolderTest"/>
        <method signature="FolderTest.VerifyRenameFolder(java.lang.String,java.lang.String)[pri:0, instance:testclass.client.sesweb.FolderTest@7139992f]" name="VerifyRenameFolder" class="testclass.client.sesweb.FolderTest"/>
        <method signature="FolderTest.VerifyTheDescriptionAfterCreatedSuccess(java.lang.String,java.lang.String)[pri:0, instance:testclass.client.sesweb.FolderTest@7139992f]" name="VerifyTheDescriptionAfterCreatedSuccess" class="testclass.client.sesweb.FolderTest"/>
        <method signature="FolderTest.VerifyTheFolderNameAfterCreatedSuccess(java.lang.String,java.lang.String)[pri:0, instance:testclass.client.sesweb.FolderTest@7139992f]" name="VerifyTheFolderNameAfterCreatedSuccess" class="testclass.client.sesweb.FolderTest"/>
        <method signature="FolderTest.VerifyViewLogPage(java.lang.String,java.lang.String)[pri:0, instance:testclass.client.sesweb.FolderTest@7139992f]" name="VerifyViewLogPage" class="testclass.client.sesweb.FolderTest"/>
        <method signature="FolderTest.addNewFolderInFolderProperties(java.lang.String,java.lang.String)[pri:0, instance:testclass.client.sesweb.FolderTest@7139992f]" name="addNewFolderInFolderProperties" class="testclass.client.sesweb.FolderTest"/>
        <method signature="FolderTest.addNewGroupInFolderProperties(java.lang.String,java.lang.String)[pri:0, instance:testclass.client.sesweb.FolderTest@7139992f]" name="addNewGroupInFolderProperties" class="testclass.client.sesweb.FolderTest"/>
        <method signature="FolderTest.addNewUserInFolderProperties(java.lang.String,java.lang.String)[pri:0, instance:testclass.client.sesweb.FolderTest@7139992f]" name="addNewUserInFolderProperties" class="testclass.client.sesweb.FolderTest"/>
        <method signature="FolderTest.verifyRMCEChallengeResponse(java.lang.String,java.lang.String)[pri:0, instance:testclass.client.sesweb.FolderTest@7139992f]" name="verifyRMCEChallengeResponse" class="testclass.client.sesweb.FolderTest"/>
        <method signature="ProfileTest.AddNeWLinuxProfile(java.lang.String,java.lang.String)[pri:0, instance:testclass.client.sesweb.ProfileTest@126253fd]" name="AddNeWLinuxProfile" class="testclass.client.sesweb.ProfileTest"/>
        <method signature="PackageTest.AddNewLinuxEndpointPackage(java.lang.String,java.lang.String)[pri:0, instance:testclass.client.sesweb.PackageTest@7eecb5b8]" name="AddNewLinuxEndpointPackage" class="testclass.client.sesweb.PackageTest"/>
        <method signature="ProfileTest.AddNeWMacOSProfile(java.lang.String,java.lang.String)[pri:0, instance:testclass.client.sesweb.ProfileTest@126253fd]" name="AddNeWMacOSProfile" class="testclass.client.sesweb.ProfileTest"/>
        <method signature="PackageTest.AddNewMacOSPackage(java.lang.String,java.lang.String)[pri:0, instance:testclass.client.sesweb.PackageTest@7eecb5b8]" name="AddNewMacOSPackage" class="testclass.client.sesweb.PackageTest"/>
        <method signature="ProfileTest.AddNewOSAProfile(java.lang.String,java.lang.String)[pri:0, instance:testclass.client.sesweb.ProfileTest@126253fd]" name="AddNewOSAProfile" class="testclass.client.sesweb.ProfileTest"/>
        <method signature="PackageTest.AddNewOSAPackage(java.lang.String,java.lang.String)[pri:0, instance:testclass.client.sesweb.PackageTest@7eecb5b8]" name="AddNewOSAPackage" class="testclass.client.sesweb.PackageTest"/>
        <method signature="ProfileTest.AddNewWindowsEndpointProfile(java.lang.String,java.lang.String)[pri:0, instance:testclass.client.sesweb.ProfileTest@126253fd]" name="AddNewWindowsEndpointProfile" class="testclass.client.sesweb.ProfileTest"/>
        <method signature="PackageTest.AddNewWindowsEndpointPackage(java.lang.String,java.lang.String)[pri:0, instance:testclass.client.sesweb.PackageTest@7eecb5b8]" name="AddNewWindowsEndpointPackage" class="testclass.client.sesweb.PackageTest"/>
        <method signature="UsersTest.AddNewAutoBootUser(java.lang.String,java.lang.String)[pri:0, instance:testclass.client.sesweb.UsersTest@475c9c31]" name="AddNewAutoBootUser" class="testclass.client.sesweb.UsersTest"/>
        <method signature="UsersTest.AddNewRegularUser(java.lang.String,java.lang.String)[pri:0, instance:testclass.client.sesweb.UsersTest@475c9c31]" name="AddNewRegularUser" class="testclass.client.sesweb.UsersTest"/>
        <method signature="FolderTest.AssignUserToFolder(java.lang.String,java.lang.String)[pri:0, instance:testclass.client.sesweb.FolderTest@7139992f]" name="AssignUserToFolder" class="testclass.client.sesweb.FolderTest"/>
        <method signature="FolderTest.RemoveUserFolder(java.lang.String,java.lang.String)[pri:0, instance:testclass.client.sesweb.FolderTest@7139992f]" name="RemoveUserFolder" class="testclass.client.sesweb.FolderTest"/>
        <method signature="UsersTest.AddNewTempUser(java.lang.String,java.lang.String)[pri:0, instance:testclass.client.sesweb.UsersTest@475c9c31]" name="AddNewTempUser" class="testclass.client.sesweb.UsersTest"/>
        <method signature="UsersTest.ModifyUserAddEmail(java.lang.String,java.lang.String)[pri:0, instance:testclass.client.sesweb.UsersTest@475c9c31]" name="ModifyUserAddEmail" class="testclass.client.sesweb.UsersTest"/>
        <method signature="UsersTest.addNewRegularUserWithFinalPassword(java.lang.String,java.lang.String)[pri:0, instance:testclass.client.sesweb.UsersTest@475c9c31]" name="addNewRegularUserWithFinalPassword" class="testclass.client.sesweb.UsersTest"/>
        <method signature="ActionFromGroupMenu.verifyDeleteGroup(java.lang.String,java.lang.String)[pri:0, instance:testclass.client.sesweb.grouptest.ActionFromGroupMenu@69504ae9]" name="verifyDeleteGroup" class="testclass.client.sesweb.grouptest.ActionFromGroupMenu"/>
        <method signature="GroupTest.CreateNewGroup(java.lang.String,java.lang.String)[pri:0, instance:testclass.client.sesweb.grouptest.GroupTest@1500b2f3]" name="CreateNewGroup" class="testclass.client.sesweb.grouptest.GroupTest"/>
        <method signature="FolderTest.AssignGroupToFolder(java.lang.String,java.lang.String)[pri:0, instance:testclass.client.sesweb.FolderTest@7139992f]" name="AssignGroupToFolder" class="testclass.client.sesweb.FolderTest"/>
        <method signature="FolderTest.RemoveGroupToFolder(java.lang.String,java.lang.String)[pri:0, instance:testclass.client.sesweb.FolderTest@7139992f]" name="RemoveGroupToFolder" class="testclass.client.sesweb.FolderTest"/>
        <method signature="ActionFromGroupMenu.verifyTheGroupProperties(java.lang.String,java.lang.String)[pri:0, instance:testclass.client.sesweb.grouptest.ActionFromGroupMenu@69504ae9]" name="verifyTheGroupProperties" class="testclass.client.sesweb.grouptest.ActionFromGroupMenu"/>
        <method signature="ActionFromUserMenu.AssignUserToGroup(java.lang.String,java.lang.String)[pri:0, instance:testclass.client.sesweb.grouptest.ActionFromUserMenu@28cda624]" name="AssignUserToGroup" class="testclass.client.sesweb.grouptest.ActionFromUserMenu"/>
        <method signature="ActionFromGroupMenu.verifyMoveGroupToAnotherFolder(java.lang.String,java.lang.String)[pri:0, instance:testclass.client.sesweb.grouptest.ActionFromGroupMenu@69504ae9]" name="verifyMoveGroupToAnotherFolder" class="testclass.client.sesweb.grouptest.ActionFromGroupMenu"/>
        <method signature="ActionFromUserMenu.verifyAssignKeyToUserBelongGroup(java.lang.String,java.lang.String)[pri:0, instance:testclass.client.sesweb.grouptest.ActionFromUserMenu@28cda624]" name="verifyAssignKeyToUserBelongGroup" class="testclass.client.sesweb.grouptest.ActionFromUserMenu"/>
        <method signature="ActionFromUserMenu.verifyAudiLogsPageOfUserBelongGroup(java.lang.String,java.lang.String)[pri:0, instance:testclass.client.sesweb.grouptest.ActionFromUserMenu@28cda624]" name="verifyAudiLogsPageOfUserBelongGroup" class="testclass.client.sesweb.grouptest.ActionFromUserMenu"/>
        <method signature="ActionFromUserMenu.verifyMoveUserBelongGroupToAnotherFolder(java.lang.String,java.lang.String)[pri:0, instance:testclass.client.sesweb.grouptest.ActionFromUserMenu@28cda624]" name="verifyMoveUserBelongGroupToAnotherFolder" class="testclass.client.sesweb.grouptest.ActionFromUserMenu"/>
        <method signature="ActionFromUserMenu.verifyRemoveUserFromGroup(java.lang.String,java.lang.String)[pri:0, instance:testclass.client.sesweb.grouptest.ActionFromUserMenu@28cda624]" name="verifyRemoveUserFromGroup" class="testclass.client.sesweb.grouptest.ActionFromUserMenu"/>
        <method signature="ActionFromUserMenu.verifyDeleteUserBelongGroup(java.lang.String,java.lang.String)[pri:0, instance:testclass.client.sesweb.grouptest.ActionFromUserMenu@28cda624]" name="verifyDeleteUserBelongGroup" class="testclass.client.sesweb.grouptest.ActionFromUserMenu"/>
        <method signature="ActionFromUserMenu.verifyUserPropertiesOfUserBelongGroup(java.lang.String,java.lang.String)[pri:0, instance:testclass.client.sesweb.grouptest.ActionFromUserMenu@28cda624]" name="verifyUserPropertiesOfUserBelongGroup" class="testclass.client.sesweb.grouptest.ActionFromUserMenu"/>
        <method signature="GroupTest.CreateNewGroupToTestUpdate(java.lang.String,java.lang.String)[pri:0, instance:testclass.client.sesweb.grouptest.GroupTest@1500b2f3]" name="CreateNewGroupToTestUpdate" class="testclass.client.sesweb.grouptest.GroupTest"/>
        <method signature="GroupTest.ChangeTheGroupName(java.lang.String,java.lang.String)[pri:0, instance:testclass.client.sesweb.grouptest.GroupTest@1500b2f3]" name="ChangeTheGroupName" class="testclass.client.sesweb.grouptest.GroupTest"/>
        <method signature="ActionFromUserAdvancedMenu.verifyCheckPBConnexPage(java.lang.String,java.lang.String)[pri:0, instance:testclass.client.sesweb.grouptest.ActionFromUserAdvancedMenu@387a8303]" name="verifyCheckPBConnexPage" class="testclass.client.sesweb.grouptest.ActionFromUserAdvancedMenu"/>
        <method signature="ActionFromUserAdvancedMenu.verifyResetFailedPrebootLogins(java.lang.String,java.lang.String)[pri:0, instance:testclass.client.sesweb.grouptest.ActionFromUserAdvancedMenu@387a8303]" name="verifyResetFailedPrebootLogins" class="testclass.client.sesweb.grouptest.ActionFromUserAdvancedMenu"/>
        <method signature="ActionFromUserAdvancedMenu.verifyTheChallengeResponsePage(java.lang.String,java.lang.String)[pri:0, instance:testclass.client.sesweb.grouptest.ActionFromUserAdvancedMenu@387a8303]" name="verifyTheChallengeResponsePage" class="testclass.client.sesweb.grouptest.ActionFromUserAdvancedMenu"/>
        <method signature="ActionFromUserMenu.verifyAssignUserToAnotherGroup(java.lang.String,java.lang.String)[pri:0, instance:testclass.client.sesweb.grouptest.ActionFromUserMenu@28cda624]" name="verifyAssignUserToAnotherGroup" class="testclass.client.sesweb.grouptest.ActionFromUserMenu"/>
        <method signature="GroupTest.AssignGroupToGroupProperties(java.lang.String,java.lang.String)[pri:0, instance:testclass.client.sesweb.grouptest.GroupTest@1500b2f3]" name="AssignGroupToGroupProperties" class="testclass.client.sesweb.grouptest.GroupTest"/>
        <method signature="GroupTest.AssignKeyToGroupProperties(java.lang.String,java.lang.String)[pri:0, instance:testclass.client.sesweb.grouptest.GroupTest@1500b2f3]" name="AssignKeyToGroupProperties" class="testclass.client.sesweb.grouptest.GroupTest"/>
        <method signature="GroupTest.AssignTheSPToGroup(java.lang.String,java.lang.String)[pri:0, instance:testclass.client.sesweb.grouptest.GroupTest@1500b2f3]" name="AssignTheSPToGroup" class="testclass.client.sesweb.grouptest.GroupTest"/>
        <method signature="GroupTest.ChangeTheDescription(java.lang.String,java.lang.String)[pri:0, instance:testclass.client.sesweb.grouptest.GroupTest@1500b2f3]" name="ChangeTheDescription" class="testclass.client.sesweb.grouptest.GroupTest"/>
        <method signature="GroupTest.EditPBNPolicyOfGroupProperties(java.lang.String,java.lang.String)[pri:0, instance:testclass.client.sesweb.grouptest.GroupTest@1500b2f3]" name="EditPBNPolicyOfGroupProperties" class="testclass.client.sesweb.grouptest.GroupTest"/>
        <method signature="GroupTest.EditPermissionOfGroupProperties(java.lang.String,java.lang.String)[pri:0, instance:testclass.client.sesweb.grouptest.GroupTest@1500b2f3]" name="EditPermissionOfGroupProperties" class="testclass.client.sesweb.grouptest.GroupTest"/>
        <method signature="GroupTest.RemoveGroupToGroupProperties(java.lang.String,java.lang.String)[pri:0, instance:testclass.client.sesweb.grouptest.GroupTest@1500b2f3]" name="RemoveGroupToGroupProperties" class="testclass.client.sesweb.grouptest.GroupTest"/>
        <method signature="GroupTest.RemoveKeyToGroupProperties(java.lang.String,java.lang.String)[pri:0, instance:testclass.client.sesweb.grouptest.GroupTest@1500b2f3]" name="RemoveKeyToGroupProperties" class="testclass.client.sesweb.grouptest.GroupTest"/>
        <method signature="GroupTest.RemoveSPToGroupProperties(java.lang.String,java.lang.String)[pri:0, instance:testclass.client.sesweb.grouptest.GroupTest@1500b2f3]" name="RemoveSPToGroupProperties" class="testclass.client.sesweb.grouptest.GroupTest"/>
        <method signature="GroupTest.VerifyBackFeatureFromGroupProperties(java.lang.String,java.lang.String)[pri:0, instance:testclass.client.sesweb.grouptest.GroupTest@1500b2f3]" name="VerifyBackFeatureFromGroupProperties" class="testclass.client.sesweb.grouptest.GroupTest"/>
        <method signature="GroupTest.VerifyBackFeatureFromGroupsTab(java.lang.String,java.lang.String)[pri:0, instance:testclass.client.sesweb.grouptest.GroupTest@1500b2f3]" name="VerifyBackFeatureFromGroupsTab" class="testclass.client.sesweb.grouptest.GroupTest"/>
        <method signature="GroupTest.VerifyBackFeatureFromKeysTab(java.lang.String,java.lang.String)[pri:0, instance:testclass.client.sesweb.grouptest.GroupTest@1500b2f3]" name="VerifyBackFeatureFromKeysTab" class="testclass.client.sesweb.grouptest.GroupTest"/>
        <method signature="GroupTest.VerifyBackFeatureFromPermissionTab(java.lang.String,java.lang.String)[pri:0, instance:testclass.client.sesweb.grouptest.GroupTest@1500b2f3]" name="VerifyBackFeatureFromPermissionTab" class="testclass.client.sesweb.grouptest.GroupTest"/>
        <method signature="GeneralTest.verifyAllTextFieldsInUserProperties(java.lang.String,java.lang.String)[pri:0, instance:testclass.client.sesweb.user.viewproperties.GeneralTest@57db2b13]" name="verifyAllTextFieldsInUserProperties" class="testclass.client.sesweb.user.viewproperties.GeneralTest"/>
        <method signature="GeneralTest.verifyAssignKeyToUser(java.lang.String,java.lang.String)[pri:0, instance:testclass.client.sesweb.user.viewproperties.GeneralTest@57db2b13]" name="verifyAssignKeyToUser" class="testclass.client.sesweb.user.viewproperties.GeneralTest"/>
        <method signature="GeneralTest.verifyAssignUserToGroup(java.lang.String,java.lang.String)[pri:0, instance:testclass.client.sesweb.user.viewproperties.GeneralTest@57db2b13]" name="verifyAssignUserToGroup" class="testclass.client.sesweb.user.viewproperties.GeneralTest"/>
        <method signature="GeneralTest.verifyChangePWDForAdmin(java.lang.String,java.lang.String)[pri:0, instance:testclass.client.sesweb.user.viewproperties.GeneralTest@57db2b13]" name="verifyChangePWDForAdmin" class="testclass.client.sesweb.user.viewproperties.GeneralTest"/>
        <method signature="GeneralTest.verifyDeleteAUserInUSerProperties(java.lang.String,java.lang.String)[pri:0, instance:testclass.client.sesweb.user.viewproperties.GeneralTest@57db2b13]" name="verifyDeleteAUserInUSerProperties" class="testclass.client.sesweb.user.viewproperties.GeneralTest"/>
        <method signature="GeneralTest.verifyMoveUserToAnotherFolder(java.lang.String,java.lang.String)[pri:0, instance:testclass.client.sesweb.user.viewproperties.GeneralTest@57db2b13]" name="verifyMoveUserToAnotherFolder" class="testclass.client.sesweb.user.viewproperties.GeneralTest"/>
        <method signature="GeneralTest.verifyTheUserInfo(java.lang.String,java.lang.String)[pri:0, instance:testclass.client.sesweb.user.viewproperties.GeneralTest@57db2b13]" name="verifyTheUserInfo" class="testclass.client.sesweb.user.viewproperties.GeneralTest"/>
        <method signature="LoginTest.loginInvalidCredentials(java.lang.String,java.lang.String)[pri:0, instance:testclass.client.LoginTest@210ab13f]" name="loginInvalidCredentials" class="testclass.client.LoginTest"/>
        <method signature="LoginTest.loginValidCredentials(java.lang.String,java.lang.String)[pri:0, instance:testclass.client.LoginTest@210ab13f]" name="loginValidCredentials" class="testclass.client.LoginTest"/>
        <method signature="AdministratorTest.createANewAdminUser(java.lang.String,java.lang.String)[pri:0, instance:testclass.client.sesweb.AdministratorTest@4ee203eb]" name="createANewAdminUser" class="testclass.client.sesweb.AdministratorTest"/>
        <method signature="AdministratorTest.addNewAdministratorUser(java.lang.String,java.lang.String)[pri:0, instance:testclass.client.sesweb.AdministratorTest@4ee203eb]" name="addNewAdministratorUser" class="testclass.client.sesweb.AdministratorTest"/>
        <method signature="AdministratorTest.assignAdminRoleToAdminUser(java.lang.String,java.lang.String)[pri:0, instance:testclass.client.sesweb.AdministratorTest@4ee203eb]" name="assignAdminRoleToAdminUser" class="testclass.client.sesweb.AdministratorTest"/>
        <method signature="FolderTest.AddNewFolder(java.lang.String,java.lang.String)[pri:0, instance:testclass.client.sesweb.FolderTest@1a5a4e19]" name="AddNewFolder" class="testclass.client.sesweb.FolderTest"/>
        <method signature="FolderTest.AddNewFolderWithOneChar(java.lang.String,java.lang.String)[pri:0, instance:testclass.client.sesweb.FolderTest@1a5a4e19]" name="AddNewFolderWithOneChar" class="testclass.client.sesweb.FolderTest"/>
        <method signature="FolderTest.AssignKeyToFolder(java.lang.String,java.lang.String)[pri:0, instance:testclass.client.sesweb.FolderTest@1a5a4e19]" name="AssignKeyToFolder" class="testclass.client.sesweb.FolderTest"/>
        <method signature="FolderTest.CheckExtendIconOnFolderTree(java.lang.String,java.lang.String)[pri:0, instance:testclass.client.sesweb.FolderTest@1a5a4e19]" name="CheckExtendIconOnFolderTree" class="testclass.client.sesweb.FolderTest"/>
        <method signature="FolderTest.CreateNewFolderWith64Character(java.lang.String,java.lang.String)[pri:0, instance:testclass.client.sesweb.FolderTest@1a5a4e19]" name="CreateNewFolderWith64Character" class="testclass.client.sesweb.FolderTest"/>
        <method signature="FolderTest.DeleteFolderInFolderP(java.lang.String,java.lang.String)[pri:0, instance:testclass.client.sesweb.FolderTest@1a5a4e19]" name="DeleteFolderInFolderP" class="testclass.client.sesweb.FolderTest"/>
        <method signature="FolderTest.RemoveKeyInFolder(java.lang.String,java.lang.String)[pri:0, instance:testclass.client.sesweb.FolderTest@1a5a4e19]" name="RemoveKeyInFolder" class="testclass.client.sesweb.FolderTest"/>
        <method signature="FolderTest.SelectFolderAndGotoFolderProperties(java.lang.String,java.lang.String)[pri:0, instance:testclass.client.sesweb.FolderTest@1a5a4e19]" name="SelectFolderAndGotoFolderProperties" class="testclass.client.sesweb.FolderTest"/>
        <method signature="FolderTest.VerifyBackFeatureAtGroupTab(java.lang.String,java.lang.String)[pri:0, instance:testclass.client.sesweb.FolderTest@1a5a4e19]" name="VerifyBackFeatureAtGroupTab" class="testclass.client.sesweb.FolderTest"/>
        <method signature="FolderTest.VerifyBackFeatureInKeyTab(java.lang.String,java.lang.String)[pri:0, instance:testclass.client.sesweb.FolderTest@1a5a4e19]" name="VerifyBackFeatureInKeyTab" class="testclass.client.sesweb.FolderTest"/>
        <method signature="FolderTest.VerifyBackFeatureInUserTab(java.lang.String,java.lang.String)[pri:0, instance:testclass.client.sesweb.FolderTest@1a5a4e19]" name="VerifyBackFeatureInUserTab" class="testclass.client.sesweb.FolderTest"/>
        <method signature="FolderTest.VerifyRenameFolder(java.lang.String,java.lang.String)[pri:0, instance:testclass.client.sesweb.FolderTest@1a5a4e19]" name="VerifyRenameFolder" class="testclass.client.sesweb.FolderTest"/>
        <method signature="FolderTest.VerifyTheDescriptionAfterCreatedSuccess(java.lang.String,java.lang.String)[pri:0, instance:testclass.client.sesweb.FolderTest@1a5a4e19]" name="VerifyTheDescriptionAfterCreatedSuccess" class="testclass.client.sesweb.FolderTest"/>
        <method signature="FolderTest.VerifyTheFolderNameAfterCreatedSuccess(java.lang.String,java.lang.String)[pri:0, instance:testclass.client.sesweb.FolderTest@1a5a4e19]" name="VerifyTheFolderNameAfterCreatedSuccess" class="testclass.client.sesweb.FolderTest"/>
        <method signature="FolderTest.VerifyViewLogPage(java.lang.String,java.lang.String)[pri:0, instance:testclass.client.sesweb.FolderTest@1a5a4e19]" name="VerifyViewLogPage" class="testclass.client.sesweb.FolderTest"/>
        <method signature="FolderTest.addNewFolderInFolderProperties(java.lang.String,java.lang.String)[pri:0, instance:testclass.client.sesweb.FolderTest@1a5a4e19]" name="addNewFolderInFolderProperties" class="testclass.client.sesweb.FolderTest"/>
        <method signature="FolderTest.addNewGroupInFolderProperties(java.lang.String,java.lang.String)[pri:0, instance:testclass.client.sesweb.FolderTest@1a5a4e19]" name="addNewGroupInFolderProperties" class="testclass.client.sesweb.FolderTest"/>
        <method signature="FolderTest.addNewUserInFolderProperties(java.lang.String,java.lang.String)[pri:0, instance:testclass.client.sesweb.FolderTest@1a5a4e19]" name="addNewUserInFolderProperties" class="testclass.client.sesweb.FolderTest"/>
        <method signature="FolderTest.verifyRMCEChallengeResponse(java.lang.String,java.lang.String)[pri:0, instance:testclass.client.sesweb.FolderTest@1a5a4e19]" name="verifyRMCEChallengeResponse" class="testclass.client.sesweb.FolderTest"/>
        <method signature="ProfileTest.AddNeWLinuxProfile(java.lang.String,java.lang.String)[pri:0, instance:testclass.client.sesweb.ProfileTest@7975d1d8]" name="AddNeWLinuxProfile" class="testclass.client.sesweb.ProfileTest"/>
        <method signature="PackageTest.AddNewLinuxEndpointPackage(java.lang.String,java.lang.String)[pri:0, instance:testclass.client.sesweb.PackageTest@41f69e84]" name="AddNewLinuxEndpointPackage" class="testclass.client.sesweb.PackageTest"/>
        <method signature="ProfileTest.AddNeWMacOSProfile(java.lang.String,java.lang.String)[pri:0, instance:testclass.client.sesweb.ProfileTest@7975d1d8]" name="AddNeWMacOSProfile" class="testclass.client.sesweb.ProfileTest"/>
        <method signature="PackageTest.AddNewMacOSPackage(java.lang.String,java.lang.String)[pri:0, instance:testclass.client.sesweb.PackageTest@41f69e84]" name="AddNewMacOSPackage" class="testclass.client.sesweb.PackageTest"/>
        <method signature="ProfileTest.AddNewOSAProfile(java.lang.String,java.lang.String)[pri:0, instance:testclass.client.sesweb.ProfileTest@7975d1d8]" name="AddNewOSAProfile" class="testclass.client.sesweb.ProfileTest"/>
        <method signature="PackageTest.AddNewOSAPackage(java.lang.String,java.lang.String)[pri:0, instance:testclass.client.sesweb.PackageTest@41f69e84]" name="AddNewOSAPackage" class="testclass.client.sesweb.PackageTest"/>
        <method signature="ProfileTest.AddNewWindowsEndpointProfile(java.lang.String,java.lang.String)[pri:0, instance:testclass.client.sesweb.ProfileTest@7975d1d8]" name="AddNewWindowsEndpointProfile" class="testclass.client.sesweb.ProfileTest"/>
        <method signature="PackageTest.AddNewWindowsEndpointPackage(java.lang.String,java.lang.String)[pri:0, instance:testclass.client.sesweb.PackageTest@41f69e84]" name="AddNewWindowsEndpointPackage" class="testclass.client.sesweb.PackageTest"/>
        <method signature="UsersTest.AddNewAutoBootUser(java.lang.String,java.lang.String)[pri:0, instance:testclass.client.sesweb.UsersTest@24105dc5]" name="AddNewAutoBootUser" class="testclass.client.sesweb.UsersTest"/>
        <method signature="UsersTest.AddNewRegularUser(java.lang.String,java.lang.String)[pri:0, instance:testclass.client.sesweb.UsersTest@24105dc5]" name="AddNewRegularUser" class="testclass.client.sesweb.UsersTest"/>
        <method signature="FolderTest.AssignUserToFolder(java.lang.String,java.lang.String)[pri:0, instance:testclass.client.sesweb.FolderTest@1a5a4e19]" name="AssignUserToFolder" class="testclass.client.sesweb.FolderTest"/>
        <method signature="FolderTest.RemoveUserFolder(java.lang.String,java.lang.String)[pri:0, instance:testclass.client.sesweb.FolderTest@1a5a4e19]" name="RemoveUserFolder" class="testclass.client.sesweb.FolderTest"/>
        <method signature="UsersTest.AddNewTempUser(java.lang.String,java.lang.String)[pri:0, instance:testclass.client.sesweb.UsersTest@24105dc5]" name="AddNewTempUser" class="testclass.client.sesweb.UsersTest"/>
        <method signature="UsersTest.ModifyUserAddEmail(java.lang.String,java.lang.String)[pri:0, instance:testclass.client.sesweb.UsersTest@24105dc5]" name="ModifyUserAddEmail" class="testclass.client.sesweb.UsersTest"/>
        <method signature="UsersTest.addNewRegularUserWithFinalPassword(java.lang.String,java.lang.String)[pri:0, instance:testclass.client.sesweb.UsersTest@24105dc5]" name="addNewRegularUserWithFinalPassword" class="testclass.client.sesweb.UsersTest"/>
        <method signature="ActionFromGroupMenu.verifyDeleteGroup(java.lang.String,java.lang.String)[pri:0, instance:testclass.client.sesweb.grouptest.ActionFromGroupMenu@7068e664]" name="verifyDeleteGroup" class="testclass.client.sesweb.grouptest.ActionFromGroupMenu"/>
        <method signature="GroupTest.CreateNewGroup(java.lang.String,java.lang.String)[pri:0, instance:testclass.client.sesweb.grouptest.GroupTest@769a1df5]" name="CreateNewGroup" class="testclass.client.sesweb.grouptest.GroupTest"/>
        <method signature="FolderTest.AssignGroupToFolder(java.lang.String,java.lang.String)[pri:0, instance:testclass.client.sesweb.FolderTest@1a5a4e19]" name="AssignGroupToFolder" class="testclass.client.sesweb.FolderTest"/>
        <method signature="FolderTest.RemoveGroupToFolder(java.lang.String,java.lang.String)[pri:0, instance:testclass.client.sesweb.FolderTest@1a5a4e19]" name="RemoveGroupToFolder" class="testclass.client.sesweb.FolderTest"/>
        <method signature="ActionFromGroupMenu.verifyTheGroupProperties(java.lang.String,java.lang.String)[pri:0, instance:testclass.client.sesweb.grouptest.ActionFromGroupMenu@7068e664]" name="verifyTheGroupProperties" class="testclass.client.sesweb.grouptest.ActionFromGroupMenu"/>
        <method signature="ActionFromUserMenu.AssignUserToGroup(java.lang.String,java.lang.String)[pri:0, instance:testclass.client.sesweb.grouptest.ActionFromUserMenu@3e78b6a5]" name="AssignUserToGroup" class="testclass.client.sesweb.grouptest.ActionFromUserMenu"/>
        <method signature="ActionFromGroupMenu.verifyMoveGroupToAnotherFolder(java.lang.String,java.lang.String)[pri:0, instance:testclass.client.sesweb.grouptest.ActionFromGroupMenu@7068e664]" name="verifyMoveGroupToAnotherFolder" class="testclass.client.sesweb.grouptest.ActionFromGroupMenu"/>
        <method signature="ActionFromUserMenu.verifyAssignKeyToUserBelongGroup(java.lang.String,java.lang.String)[pri:0, instance:testclass.client.sesweb.grouptest.ActionFromUserMenu@3e78b6a5]" name="verifyAssignKeyToUserBelongGroup" class="testclass.client.sesweb.grouptest.ActionFromUserMenu"/>
        <method signature="ActionFromUserMenu.verifyAudiLogsPageOfUserBelongGroup(java.lang.String,java.lang.String)[pri:0, instance:testclass.client.sesweb.grouptest.ActionFromUserMenu@3e78b6a5]" name="verifyAudiLogsPageOfUserBelongGroup" class="testclass.client.sesweb.grouptest.ActionFromUserMenu"/>
        <method signature="ActionFromUserMenu.verifyMoveUserBelongGroupToAnotherFolder(java.lang.String,java.lang.String)[pri:0, instance:testclass.client.sesweb.grouptest.ActionFromUserMenu@3e78b6a5]" name="verifyMoveUserBelongGroupToAnotherFolder" class="testclass.client.sesweb.grouptest.ActionFromUserMenu"/>
        <method signature="ActionFromUserMenu.verifyRemoveUserFromGroup(java.lang.String,java.lang.String)[pri:0, instance:testclass.client.sesweb.grouptest.ActionFromUserMenu@3e78b6a5]" name="verifyRemoveUserFromGroup" class="testclass.client.sesweb.grouptest.ActionFromUserMenu"/>
        <method signature="ActionFromUserMenu.verifyDeleteUserBelongGroup(java.lang.String,java.lang.String)[pri:0, instance:testclass.client.sesweb.grouptest.ActionFromUserMenu@3e78b6a5]" name="verifyDeleteUserBelongGroup" class="testclass.client.sesweb.grouptest.ActionFromUserMenu"/>
        <method signature="ActionFromUserMenu.verifyUserPropertiesOfUserBelongGroup(java.lang.String,java.lang.String)[pri:0, instance:testclass.client.sesweb.grouptest.ActionFromUserMenu@3e78b6a5]" name="verifyUserPropertiesOfUserBelongGroup" class="testclass.client.sesweb.grouptest.ActionFromUserMenu"/>
        <method signature="GroupTest.CreateNewGroupToTestUpdate(java.lang.String,java.lang.String)[pri:0, instance:testclass.client.sesweb.grouptest.GroupTest@769a1df5]" name="CreateNewGroupToTestUpdate" class="testclass.client.sesweb.grouptest.GroupTest"/>
        <method signature="GroupTest.ChangeTheGroupName(java.lang.String,java.lang.String)[pri:0, instance:testclass.client.sesweb.grouptest.GroupTest@769a1df5]" name="ChangeTheGroupName" class="testclass.client.sesweb.grouptest.GroupTest"/>
        <method signature="ActionFromUserAdvancedMenu.verifyCheckPBConnexPage(java.lang.String,java.lang.String)[pri:0, instance:testclass.client.sesweb.grouptest.ActionFromUserAdvancedMenu@60db1c0e]" name="verifyCheckPBConnexPage" class="testclass.client.sesweb.grouptest.ActionFromUserAdvancedMenu"/>
        <method signature="ActionFromUserAdvancedMenu.verifyResetFailedPrebootLogins(java.lang.String,java.lang.String)[pri:0, instance:testclass.client.sesweb.grouptest.ActionFromUserAdvancedMenu@60db1c0e]" name="verifyResetFailedPrebootLogins" class="testclass.client.sesweb.grouptest.ActionFromUserAdvancedMenu"/>
        <method signature="ActionFromUserAdvancedMenu.verifyTheChallengeResponsePage(java.lang.String,java.lang.String)[pri:0, instance:testclass.client.sesweb.grouptest.ActionFromUserAdvancedMenu@60db1c0e]" name="verifyTheChallengeResponsePage" class="testclass.client.sesweb.grouptest.ActionFromUserAdvancedMenu"/>
        <method signature="ActionFromUserMenu.verifyAssignUserToAnotherGroup(java.lang.String,java.lang.String)[pri:0, instance:testclass.client.sesweb.grouptest.ActionFromUserMenu@3e78b6a5]" name="verifyAssignUserToAnotherGroup" class="testclass.client.sesweb.grouptest.ActionFromUserMenu"/>
        <method signature="GroupTest.AssignGroupToGroupProperties(java.lang.String,java.lang.String)[pri:0, instance:testclass.client.sesweb.grouptest.GroupTest@769a1df5]" name="AssignGroupToGroupProperties" class="testclass.client.sesweb.grouptest.GroupTest"/>
        <method signature="GroupTest.AssignKeyToGroupProperties(java.lang.String,java.lang.String)[pri:0, instance:testclass.client.sesweb.grouptest.GroupTest@769a1df5]" name="AssignKeyToGroupProperties" class="testclass.client.sesweb.grouptest.GroupTest"/>
        <method signature="GroupTest.AssignTheSPToGroup(java.lang.String,java.lang.String)[pri:0, instance:testclass.client.sesweb.grouptest.GroupTest@769a1df5]" name="AssignTheSPToGroup" class="testclass.client.sesweb.grouptest.GroupTest"/>
        <method signature="GroupTest.ChangeTheDescription(java.lang.String,java.lang.String)[pri:0, instance:testclass.client.sesweb.grouptest.GroupTest@769a1df5]" name="ChangeTheDescription" class="testclass.client.sesweb.grouptest.GroupTest"/>
        <method signature="GroupTest.EditPBNPolicyOfGroupProperties(java.lang.String,java.lang.String)[pri:0, instance:testclass.client.sesweb.grouptest.GroupTest@769a1df5]" name="EditPBNPolicyOfGroupProperties" class="testclass.client.sesweb.grouptest.GroupTest"/>
        <method signature="GroupTest.EditPermissionOfGroupProperties(java.lang.String,java.lang.String)[pri:0, instance:testclass.client.sesweb.grouptest.GroupTest@769a1df5]" name="EditPermissionOfGroupProperties" class="testclass.client.sesweb.grouptest.GroupTest"/>
        <method signature="GroupTest.RemoveGroupToGroupProperties(java.lang.String,java.lang.String)[pri:0, instance:testclass.client.sesweb.grouptest.GroupTest@769a1df5]" name="RemoveGroupToGroupProperties" class="testclass.client.sesweb.grouptest.GroupTest"/>
        <method signature="GroupTest.RemoveKeyToGroupProperties(java.lang.String,java.lang.String)[pri:0, instance:testclass.client.sesweb.grouptest.GroupTest@769a1df5]" name="RemoveKeyToGroupProperties" class="testclass.client.sesweb.grouptest.GroupTest"/>
        <method signature="GroupTest.RemoveSPToGroupProperties(java.lang.String,java.lang.String)[pri:0, instance:testclass.client.sesweb.grouptest.GroupTest@769a1df5]" name="RemoveSPToGroupProperties" class="testclass.client.sesweb.grouptest.GroupTest"/>
        <method signature="GroupTest.VerifyBackFeatureFromGroupProperties(java.lang.String,java.lang.String)[pri:0, instance:testclass.client.sesweb.grouptest.GroupTest@769a1df5]" name="VerifyBackFeatureFromGroupProperties" class="testclass.client.sesweb.grouptest.GroupTest"/>
        <method signature="GroupTest.VerifyBackFeatureFromGroupsTab(java.lang.String,java.lang.String)[pri:0, instance:testclass.client.sesweb.grouptest.GroupTest@769a1df5]" name="VerifyBackFeatureFromGroupsTab" class="testclass.client.sesweb.grouptest.GroupTest"/>
        <method signature="GroupTest.VerifyBackFeatureFromKeysTab(java.lang.String,java.lang.String)[pri:0, instance:testclass.client.sesweb.grouptest.GroupTest@769a1df5]" name="VerifyBackFeatureFromKeysTab" class="testclass.client.sesweb.grouptest.GroupTest"/>
        <method signature="GroupTest.VerifyBackFeatureFromPermissionTab(java.lang.String,java.lang.String)[pri:0, instance:testclass.client.sesweb.grouptest.GroupTest@769a1df5]" name="VerifyBackFeatureFromPermissionTab" class="testclass.client.sesweb.grouptest.GroupTest"/>
        <method signature="GeneralTest.verifyAllTextFieldsInUserProperties(java.lang.String,java.lang.String)[pri:0, instance:testclass.client.sesweb.user.viewproperties.GeneralTest@2438dcd]" name="verifyAllTextFieldsInUserProperties" class="testclass.client.sesweb.user.viewproperties.GeneralTest"/>
        <method signature="GeneralTest.verifyAssignKeyToUser(java.lang.String,java.lang.String)[pri:0, instance:testclass.client.sesweb.user.viewproperties.GeneralTest@2438dcd]" name="verifyAssignKeyToUser" class="testclass.client.sesweb.user.viewproperties.GeneralTest"/>
        <method signature="GeneralTest.verifyAssignUserToGroup(java.lang.String,java.lang.String)[pri:0, instance:testclass.client.sesweb.user.viewproperties.GeneralTest@2438dcd]" name="verifyAssignUserToGroup" class="testclass.client.sesweb.user.viewproperties.GeneralTest"/>
        <method signature="GeneralTest.verifyChangePWDForAdmin(java.lang.String,java.lang.String)[pri:0, instance:testclass.client.sesweb.user.viewproperties.GeneralTest@2438dcd]" name="verifyChangePWDForAdmin" class="testclass.client.sesweb.user.viewproperties.GeneralTest"/>
        <method signature="GeneralTest.verifyDeleteAUserInUSerProperties(java.lang.String,java.lang.String)[pri:0, instance:testclass.client.sesweb.user.viewproperties.GeneralTest@2438dcd]" name="verifyDeleteAUserInUSerProperties" class="testclass.client.sesweb.user.viewproperties.GeneralTest"/>
        <method signature="GeneralTest.verifyMoveUserToAnotherFolder(java.lang.String,java.lang.String)[pri:0, instance:testclass.client.sesweb.user.viewproperties.GeneralTest@2438dcd]" name="verifyMoveUserToAnotherFolder" class="testclass.client.sesweb.user.viewproperties.GeneralTest"/>
        <method signature="GeneralTest.verifyTheUserInfo(java.lang.String,java.lang.String)[pri:0, instance:testclass.client.sesweb.user.viewproperties.GeneralTest@2438dcd]" name="verifyTheUserInfo" class="testclass.client.sesweb.user.viewproperties.GeneralTest"/>
        <method signature="LoginTest.loginInvalidCredentials(java.lang.String,java.lang.String)[pri:0, instance:testclass.client.LoginTest@461ad730]" name="loginInvalidCredentials" class="testclass.client.LoginTest"/>
        <method signature="LoginTest.loginValidCredentials(java.lang.String,java.lang.String)[pri:0, instance:testclass.client.LoginTest@461ad730]" name="loginValidCredentials" class="testclass.client.LoginTest"/>
      </group> <!-- regression -->
      <group name="basic">
        <method signature="AdministratorTest.createANewAdminUser(java.lang.String,java.lang.String)[pri:0, instance:testclass.client.sesweb.AdministratorTest@47caedad]" name="createANewAdminUser" class="testclass.client.sesweb.AdministratorTest"/>
        <method signature="AdministratorTest.addNewAdministratorUser(java.lang.String,java.lang.String)[pri:0, instance:testclass.client.sesweb.AdministratorTest@47caedad]" name="addNewAdministratorUser" class="testclass.client.sesweb.AdministratorTest"/>
        <method signature="AdministratorTest.assignAdminRoleToAdminUser(java.lang.String,java.lang.String)[pri:0, instance:testclass.client.sesweb.AdministratorTest@47caedad]" name="assignAdminRoleToAdminUser" class="testclass.client.sesweb.AdministratorTest"/>
        <method signature="FolderTest.AddNewFolder(java.lang.String,java.lang.String)[pri:0, instance:testclass.client.sesweb.FolderTest@7139992f]" name="AddNewFolder" class="testclass.client.sesweb.FolderTest"/>
        <method signature="ProfileTest.AddNeWLinuxProfile(java.lang.String,java.lang.String)[pri:0, instance:testclass.client.sesweb.ProfileTest@126253fd]" name="AddNeWLinuxProfile" class="testclass.client.sesweb.ProfileTest"/>
        <method signature="PackageTest.AddNewLinuxEndpointPackage(java.lang.String,java.lang.String)[pri:0, instance:testclass.client.sesweb.PackageTest@7eecb5b8]" name="AddNewLinuxEndpointPackage" class="testclass.client.sesweb.PackageTest"/>
        <method signature="ProfileTest.AddNeWMacOSProfile(java.lang.String,java.lang.String)[pri:0, instance:testclass.client.sesweb.ProfileTest@126253fd]" name="AddNeWMacOSProfile" class="testclass.client.sesweb.ProfileTest"/>
        <method signature="PackageTest.AddNewMacOSPackage(java.lang.String,java.lang.String)[pri:0, instance:testclass.client.sesweb.PackageTest@7eecb5b8]" name="AddNewMacOSPackage" class="testclass.client.sesweb.PackageTest"/>
        <method signature="ProfileTest.AddNewOSAProfile(java.lang.String,java.lang.String)[pri:0, instance:testclass.client.sesweb.ProfileTest@126253fd]" name="AddNewOSAProfile" class="testclass.client.sesweb.ProfileTest"/>
        <method signature="PackageTest.AddNewOSAPackage(java.lang.String,java.lang.String)[pri:0, instance:testclass.client.sesweb.PackageTest@7eecb5b8]" name="AddNewOSAPackage" class="testclass.client.sesweb.PackageTest"/>
        <method signature="ProfileTest.AddNewWindowsEndpointProfile(java.lang.String,java.lang.String)[pri:0, instance:testclass.client.sesweb.ProfileTest@126253fd]" name="AddNewWindowsEndpointProfile" class="testclass.client.sesweb.ProfileTest"/>
        <method signature="PackageTest.AddNewWindowsEndpointPackage(java.lang.String,java.lang.String)[pri:0, instance:testclass.client.sesweb.PackageTest@7eecb5b8]" name="AddNewWindowsEndpointPackage" class="testclass.client.sesweb.PackageTest"/>
        <method signature="UsersTest.AddNewAutoBootUser(java.lang.String,java.lang.String)[pri:0, instance:testclass.client.sesweb.UsersTest@475c9c31]" name="AddNewAutoBootUser" class="testclass.client.sesweb.UsersTest"/>
        <method signature="UsersTest.AddNewRegularUser(java.lang.String,java.lang.String)[pri:0, instance:testclass.client.sesweb.UsersTest@475c9c31]" name="AddNewRegularUser" class="testclass.client.sesweb.UsersTest"/>
        <method signature="UsersTest.AddNewTempUser(java.lang.String,java.lang.String)[pri:0, instance:testclass.client.sesweb.UsersTest@475c9c31]" name="AddNewTempUser" class="testclass.client.sesweb.UsersTest"/>
        <method signature="UsersTest.ModifyUserAddEmail(java.lang.String,java.lang.String)[pri:0, instance:testclass.client.sesweb.UsersTest@475c9c31]" name="ModifyUserAddEmail" class="testclass.client.sesweb.UsersTest"/>
        <method signature="UsersTest.addNewRegularUserWithFinalPassword(java.lang.String,java.lang.String)[pri:0, instance:testclass.client.sesweb.UsersTest@475c9c31]" name="addNewRegularUserWithFinalPassword" class="testclass.client.sesweb.UsersTest"/>
        <method signature="GroupTest.CreateNewGroup(java.lang.String,java.lang.String)[pri:0, instance:testclass.client.sesweb.grouptest.GroupTest@1500b2f3]" name="CreateNewGroup" class="testclass.client.sesweb.grouptest.GroupTest"/>
        <method signature="ActionFromUserMenu.AssignUserToGroup(java.lang.String,java.lang.String)[pri:0, instance:testclass.client.sesweb.grouptest.ActionFromUserMenu@28cda624]" name="AssignUserToGroup" class="testclass.client.sesweb.grouptest.ActionFromUserMenu"/>
        <method signature="LoginTest.loginInvalidCredentials(java.lang.String,java.lang.String)[pri:0, instance:testclass.client.LoginTest@210ab13f]" name="loginInvalidCredentials" class="testclass.client.LoginTest"/>
        <method signature="LoginTest.loginValidCredentials(java.lang.String,java.lang.String)[pri:0, instance:testclass.client.LoginTest@210ab13f]" name="loginValidCredentials" class="testclass.client.LoginTest"/>
        <method signature="AdministratorTest.createANewAdminUser(java.lang.String,java.lang.String)[pri:0, instance:testclass.client.sesweb.AdministratorTest@4ee203eb]" name="createANewAdminUser" class="testclass.client.sesweb.AdministratorTest"/>
        <method signature="AdministratorTest.addNewAdministratorUser(java.lang.String,java.lang.String)[pri:0, instance:testclass.client.sesweb.AdministratorTest@4ee203eb]" name="addNewAdministratorUser" class="testclass.client.sesweb.AdministratorTest"/>
        <method signature="AdministratorTest.assignAdminRoleToAdminUser(java.lang.String,java.lang.String)[pri:0, instance:testclass.client.sesweb.AdministratorTest@4ee203eb]" name="assignAdminRoleToAdminUser" class="testclass.client.sesweb.AdministratorTest"/>
        <method signature="FolderTest.AddNewFolder(java.lang.String,java.lang.String)[pri:0, instance:testclass.client.sesweb.FolderTest@1a5a4e19]" name="AddNewFolder" class="testclass.client.sesweb.FolderTest"/>
        <method signature="ProfileTest.AddNeWLinuxProfile(java.lang.String,java.lang.String)[pri:0, instance:testclass.client.sesweb.ProfileTest@7975d1d8]" name="AddNeWLinuxProfile" class="testclass.client.sesweb.ProfileTest"/>
        <method signature="PackageTest.AddNewLinuxEndpointPackage(java.lang.String,java.lang.String)[pri:0, instance:testclass.client.sesweb.PackageTest@41f69e84]" name="AddNewLinuxEndpointPackage" class="testclass.client.sesweb.PackageTest"/>
        <method signature="ProfileTest.AddNeWMacOSProfile(java.lang.String,java.lang.String)[pri:0, instance:testclass.client.sesweb.ProfileTest@7975d1d8]" name="AddNeWMacOSProfile" class="testclass.client.sesweb.ProfileTest"/>
        <method signature="PackageTest.AddNewMacOSPackage(java.lang.String,java.lang.String)[pri:0, instance:testclass.client.sesweb.PackageTest@41f69e84]" name="AddNewMacOSPackage" class="testclass.client.sesweb.PackageTest"/>
        <method signature="ProfileTest.AddNewOSAProfile(java.lang.String,java.lang.String)[pri:0, instance:testclass.client.sesweb.ProfileTest@7975d1d8]" name="AddNewOSAProfile" class="testclass.client.sesweb.ProfileTest"/>
        <method signature="PackageTest.AddNewOSAPackage(java.lang.String,java.lang.String)[pri:0, instance:testclass.client.sesweb.PackageTest@41f69e84]" name="AddNewOSAPackage" class="testclass.client.sesweb.PackageTest"/>
        <method signature="ProfileTest.AddNewWindowsEndpointProfile(java.lang.String,java.lang.String)[pri:0, instance:testclass.client.sesweb.ProfileTest@7975d1d8]" name="AddNewWindowsEndpointProfile" class="testclass.client.sesweb.ProfileTest"/>
        <method signature="PackageTest.AddNewWindowsEndpointPackage(java.lang.String,java.lang.String)[pri:0, instance:testclass.client.sesweb.PackageTest@41f69e84]" name="AddNewWindowsEndpointPackage" class="testclass.client.sesweb.PackageTest"/>
        <method signature="UsersTest.AddNewAutoBootUser(java.lang.String,java.lang.String)[pri:0, instance:testclass.client.sesweb.UsersTest@24105dc5]" name="AddNewAutoBootUser" class="testclass.client.sesweb.UsersTest"/>
        <method signature="UsersTest.AddNewRegularUser(java.lang.String,java.lang.String)[pri:0, instance:testclass.client.sesweb.UsersTest@24105dc5]" name="AddNewRegularUser" class="testclass.client.sesweb.UsersTest"/>
        <method signature="UsersTest.AddNewTempUser(java.lang.String,java.lang.String)[pri:0, instance:testclass.client.sesweb.UsersTest@24105dc5]" name="AddNewTempUser" class="testclass.client.sesweb.UsersTest"/>
        <method signature="UsersTest.ModifyUserAddEmail(java.lang.String,java.lang.String)[pri:0, instance:testclass.client.sesweb.UsersTest@24105dc5]" name="ModifyUserAddEmail" class="testclass.client.sesweb.UsersTest"/>
        <method signature="UsersTest.addNewRegularUserWithFinalPassword(java.lang.String,java.lang.String)[pri:0, instance:testclass.client.sesweb.UsersTest@24105dc5]" name="addNewRegularUserWithFinalPassword" class="testclass.client.sesweb.UsersTest"/>
        <method signature="GroupTest.CreateNewGroup(java.lang.String,java.lang.String)[pri:0, instance:testclass.client.sesweb.grouptest.GroupTest@769a1df5]" name="CreateNewGroup" class="testclass.client.sesweb.grouptest.GroupTest"/>
        <method signature="ActionFromUserMenu.AssignUserToGroup(java.lang.String,java.lang.String)[pri:0, instance:testclass.client.sesweb.grouptest.ActionFromUserMenu@3e78b6a5]" name="AssignUserToGroup" class="testclass.client.sesweb.grouptest.ActionFromUserMenu"/>
        <method signature="LoginTest.loginInvalidCredentials(java.lang.String,java.lang.String)[pri:0, instance:testclass.client.LoginTest@461ad730]" name="loginInvalidCredentials" class="testclass.client.LoginTest"/>
        <method signature="LoginTest.loginValidCredentials(java.lang.String,java.lang.String)[pri:0, instance:testclass.client.LoginTest@461ad730]" name="loginValidCredentials" class="testclass.client.LoginTest"/>
      </group> <!-- basic -->
    </groups>
    <test started-at="2024-03-02T14:07:13 ICT" name="firefox" finished-at="2024-03-02T14:28:23 ICT" duration-ms="1269421">
      <class name="testclass.client.sesweb.grouptest.ActionFromUserAdvancedMenu">
        <test-method retried="true" signature="verifyCheckPBConnexPage(java.lang.String,java.lang.String)[pri:0, instance:testclass.client.sesweb.grouptest.ActionFromUserAdvancedMenu@60db1c0e]" started-at="2024-03-02T14:11:27 ICT" name="verifyCheckPBConnexPage" description="SDTC-40308 : Group &gt; User Advanced &gt; Check PBConnex" finished-at="2024-03-02T14:12:05 ICT" depends-on-methods="ChangeTheGroupName, AssignUserToGroup" duration-ms="37686" status="SKIP">
          <params>
            <param index="0">
              <value>
                <![CDATA[firefox]]>
              </value>
            </param>
            <param index="1">
              <value>
                <![CDATA[https://nabi.asia]]>
              </value>
            </param>
          </params>
          <exception class="java.lang.AssertionError">
            <message>
              <![CDATA[ERR| Proxy element for: DefaultElementLocator 'By.id: breadcrumb_User_CheckPBConnex_4' Not displayed. Please recheck the locator]]>
            </message>
            <full-stacktrace>
              <![CDATA[java.lang.AssertionError: ERR| Proxy element for: DefaultElementLocator 'By.id: breadcrumb_User_CheckPBConnex_4' Not displayed. Please recheck the locator
at org.testng.Assert.fail(Assert.java:111)
at com.clean.ults.ElementController.waitForElementVisibility(ElementController.java:27)
at com.clean.ults.ElementController.verify(ElementController.java:60)
at com.clean.pages.users.checkpbconnexpage.CheckPBConnexVerifier.isCheckPBConnexPageDisplay(CheckPBConnexVerifier.java:17)
at testclass.client.sesweb.grouptest.ActionFromUserAdvancedMenu.verifyCheckPBConnexPage(ActionFromUserAdvancedMenu.java:70)
at java.base/jdk.internal.reflect.DirectMethodHandleAccessor.invoke(DirectMethodHandleAccessor.java:103)
at java.base/java.lang.reflect.Method.invoke(Method.java:580)
at org.testng.internal.invokers.MethodInvocationHelper.invokeMethod(MethodInvocationHelper.java:139)
at org.testng.internal.invokers.TestInvoker.invokeMethod(TestInvoker.java:664)
at org.testng.internal.invokers.TestInvoker.invokeTestMethod(TestInvoker.java:227)
at org.testng.internal.invokers.MethodRunner.runInSequence(MethodRunner.java:50)
at org.testng.internal.invokers.TestInvoker$MethodInvocationAgent.invoke(TestInvoker.java:957)
at org.testng.internal.invokers.TestInvoker.invokeTestMethods(TestInvoker.java:200)
at org.testng.internal.invokers.TestMethodWorker.invokeTestMethods(TestMethodWorker.java:148)
at org.testng.internal.invokers.TestMethodWorker.run(TestMethodWorker.java:128)
at java.base/java.util.concurrent.ThreadPoolExecutor.runWorker(ThreadPoolExecutor.java:1144)
at java.base/java.util.concurrent.ThreadPoolExecutor$Worker.run(ThreadPoolExecutor.java:642)
at java.base/java.lang.Thread.run(Thread.java:1583)
]]>
            </full-stacktrace>
          </exception> <!-- java.lang.AssertionError -->
          <reporter-output>
          </reporter-output>
        </test-method> <!-- verifyCheckPBConnexPage -->
        <test-method retried="true" signature="verifyResetFailedPrebootLogins(java.lang.String,java.lang.String)[pri:0, instance:testclass.client.sesweb.grouptest.ActionFromUserAdvancedMenu@60db1c0e]" started-at="2024-03-02T14:11:40 ICT" name="verifyResetFailedPrebootLogins" description="SDTC-40309 : Group &gt; User Advanced &gt; Reset failed preboot logins" finished-at="2024-03-02T14:12:17 ICT" depends-on-methods="ChangeTheGroupName, AssignUserToGroup" duration-ms="37578" status="SKIP">
          <params>
            <param index="0">
              <value>
                <![CDATA[firefox]]>
              </value>
            </param>
            <param index="1">
              <value>
                <![CDATA[https://nabi.asia]]>
              </value>
            </param>
          </params>
          <exception class="java.lang.AssertionError">
            <message>
              <![CDATA[ERR| Proxy element for: DefaultElementLocator 'By.xpath: //button[text()='Yes']' Not displayed. Please recheck the locator]]>
            </message>
            <full-stacktrace>
              <![CDATA[java.lang.AssertionError: ERR| Proxy element for: DefaultElementLocator 'By.xpath: //button[text()='Yes']' Not displayed. Please recheck the locator
at org.testng.Assert.fail(Assert.java:111)
at com.clean.ults.ElementController.waitForElementClickAble(ElementController.java:39)
at com.clean.ults.ElementController.click(ElementController.java:47)
at com.clean.pages.users.grouppage.GroupController.clickOnYesBtnOnConfirmationDialog(GroupController.java:77)
at testclass.client.sesweb.grouptest.ActionFromUserAdvancedMenu.verifyResetFailedPrebootLogins(ActionFromUserAdvancedMenu.java:91)
at java.base/jdk.internal.reflect.DirectMethodHandleAccessor.invoke(DirectMethodHandleAccessor.java:103)
at java.base/java.lang.reflect.Method.invoke(Method.java:580)
at org.testng.internal.invokers.MethodInvocationHelper.invokeMethod(MethodInvocationHelper.java:139)
at org.testng.internal.invokers.TestInvoker.invokeMethod(TestInvoker.java:664)
at org.testng.internal.invokers.TestInvoker.invokeTestMethod(TestInvoker.java:227)
at org.testng.internal.invokers.MethodRunner.runInSequence(MethodRunner.java:50)
at org.testng.internal.invokers.TestInvoker$MethodInvocationAgent.invoke(TestInvoker.java:957)
at org.testng.internal.invokers.TestInvoker.invokeTestMethods(TestInvoker.java:200)
at org.testng.internal.invokers.TestMethodWorker.invokeTestMethods(TestMethodWorker.java:148)
at org.testng.internal.invokers.TestMethodWorker.run(TestMethodWorker.java:128)
at java.base/java.util.concurrent.ThreadPoolExecutor.runWorker(ThreadPoolExecutor.java:1144)
at java.base/java.util.concurrent.ThreadPoolExecutor$Worker.run(ThreadPoolExecutor.java:642)
at java.base/java.lang.Thread.run(Thread.java:1583)
]]>
            </full-stacktrace>
          </exception> <!-- java.lang.AssertionError -->
          <reporter-output>
          </reporter-output>
        </test-method> <!-- verifyResetFailedPrebootLogins -->
        <test-method is-config="true" signature="afterMethod(org.testng.ITestResult)[pri:0, instance:testclass.client.sesweb.grouptest.ActionFromUserAdvancedMenu@60db1c0e]" started-at="2024-03-02T14:12:05 ICT" name="afterMethod" finished-at="2024-03-02T14:12:05 ICT" duration-ms="5" status="PASS">
          <params>
            <param index="0">
              <value>
                <![CDATA[[TestResult name=verifyCheckPBConnexPage status=SKIP method=ActionFromUserAdvancedMenu.verifyCheckPBConnexPage(java.lang.String,java.lang.String)[pri:0, instance:testclass.client.sesweb.grouptest.ActionFromUserAdvancedMenu@60db1c0e] output={null}]]]>
              </value>
            </param>
          </params>
          <reporter-output>
          </reporter-output>
        </test-method> <!-- afterMethod -->
        <test-method retried="true" signature="verifyCheckPBConnexPage(java.lang.String,java.lang.String)[pri:0, instance:testclass.client.sesweb.grouptest.ActionFromUserAdvancedMenu@60db1c0e]" started-at="2024-03-02T14:12:05 ICT" name="verifyCheckPBConnexPage" description="SDTC-40308 : Group &gt; User Advanced &gt; Check PBConnex" finished-at="2024-03-02T14:15:50 ICT" depends-on-methods="ChangeTheGroupName, AssignUserToGroup" duration-ms="224952" status="SKIP">
          <params>
            <param index="0">
              <value>
                <![CDATA[firefox]]>
              </value>
            </param>
            <param index="1">
              <value>
                <![CDATA[https://nabi.asia]]>
              </value>
            </param>
          </params>
          <exception class="java.lang.AssertionError">
            <message>
              <![CDATA[ERR| Proxy element for: DefaultElementLocator 'By.id: breadcrumb_User_CheckPBConnex_4' Not displayed. Please recheck the locator]]>
            </message>
            <full-stacktrace>
              <![CDATA[java.lang.AssertionError: ERR| Proxy element for: DefaultElementLocator 'By.id: breadcrumb_User_CheckPBConnex_4' Not displayed. Please recheck the locator
at org.testng.Assert.fail(Assert.java:111)
at com.clean.ults.ElementController.waitForElementVisibility(ElementController.java:27)
at com.clean.ults.ElementController.verify(ElementController.java:60)
at com.clean.pages.users.checkpbconnexpage.CheckPBConnexVerifier.isCheckPBConnexPageDisplay(CheckPBConnexVerifier.java:17)
at testclass.client.sesweb.grouptest.ActionFromUserAdvancedMenu.verifyCheckPBConnexPage(ActionFromUserAdvancedMenu.java:70)
at java.base/jdk.internal.reflect.DirectMethodHandleAccessor.invoke(DirectMethodHandleAccessor.java:103)
at java.base/java.lang.reflect.Method.invoke(Method.java:580)
at org.testng.internal.invokers.MethodInvocationHelper.invokeMethod(MethodInvocationHelper.java:139)
at org.testng.internal.invokers.TestInvoker.invokeMethod(TestInvoker.java:664)
at org.testng.internal.invokers.TestInvoker.retryFailed(TestInvoker.java:248)
at org.testng.internal.invokers.MethodRunner.runInSequence(MethodRunner.java:62)
at org.testng.internal.invokers.TestInvoker$MethodInvocationAgent.invoke(TestInvoker.java:957)
at org.testng.internal.invokers.TestInvoker.invokeTestMethods(TestInvoker.java:200)
at org.testng.internal.invokers.TestMethodWorker.invokeTestMethods(TestMethodWorker.java:148)
at org.testng.internal.invokers.TestMethodWorker.run(TestMethodWorker.java:128)
at java.base/java.util.concurrent.ThreadPoolExecutor.runWorker(ThreadPoolExecutor.java:1144)
at java.base/java.util.concurrent.ThreadPoolExecutor$Worker.run(ThreadPoolExecutor.java:642)
at java.base/java.lang.Thread.run(Thread.java:1583)
]]>
            </full-stacktrace>
          </exception> <!-- java.lang.AssertionError -->
          <reporter-output>
          </reporter-output>
        </test-method> <!-- verifyCheckPBConnexPage -->
        <test-method is-config="true" signature="afterMethod(org.testng.ITestResult)[pri:0, instance:testclass.client.sesweb.grouptest.ActionFromUserAdvancedMenu@60db1c0e]" started-at="2024-03-02T14:12:17 ICT" name="afterMethod" finished-at="2024-03-02T14:12:17 ICT" duration-ms="4" status="PASS">
          <params>
            <param index="0">
              <value>
                <![CDATA[[TestResult name=verifyResetFailedPrebootLogins status=SKIP method=ActionFromUserAdvancedMenu.verifyResetFailedPrebootLogins(java.lang.String,java.lang.String)[pri:0, instance:testclass.client.sesweb.grouptest.ActionFromUserAdvancedMenu@60db1c0e] output={null}]]]>
              </value>
            </param>
          </params>
          <reporter-output>
          </reporter-output>
        </test-method> <!-- afterMethod -->
        <test-method retried="true" signature="verifyResetFailedPrebootLogins(java.lang.String,java.lang.String)[pri:0, instance:testclass.client.sesweb.grouptest.ActionFromUserAdvancedMenu@60db1c0e]" started-at="2024-03-02T14:12:17 ICT" name="verifyResetFailedPrebootLogins" description="SDTC-40309 : Group &gt; User Advanced &gt; Reset failed preboot logins" finished-at="2024-03-02T14:16:14 ICT" depends-on-methods="ChangeTheGroupName, AssignUserToGroup" duration-ms="237020" status="SKIP">
          <params>
            <param index="0">
              <value>
                <![CDATA[firefox]]>
              </value>
            </param>
            <param index="1">
              <value>
                <![CDATA[https://nabi.asia]]>
              </value>
            </param>
          </params>
          <exception class="java.lang.AssertionError">
            <message>
              <![CDATA[ERR| Proxy element for: DefaultElementLocator 'By.xpath: //button[text()='Yes']' Not displayed. Please recheck the locator]]>
            </message>
            <full-stacktrace>
              <![CDATA[java.lang.AssertionError: ERR| Proxy element for: DefaultElementLocator 'By.xpath: //button[text()='Yes']' Not displayed. Please recheck the locator
at org.testng.Assert.fail(Assert.java:111)
at com.clean.ults.ElementController.waitForElementClickAble(ElementController.java:39)
at com.clean.ults.ElementController.click(ElementController.java:47)
at com.clean.pages.users.grouppage.GroupController.clickOnYesBtnOnConfirmationDialog(GroupController.java:77)
at testclass.client.sesweb.grouptest.ActionFromUserAdvancedMenu.verifyResetFailedPrebootLogins(ActionFromUserAdvancedMenu.java:91)
at java.base/jdk.internal.reflect.DirectMethodHandleAccessor.invoke(DirectMethodHandleAccessor.java:103)
at java.base/java.lang.reflect.Method.invoke(Method.java:580)
at org.testng.internal.invokers.MethodInvocationHelper.invokeMethod(MethodInvocationHelper.java:139)
at org.testng.internal.invokers.TestInvoker.invokeMethod(TestInvoker.java:664)
at org.testng.internal.invokers.TestInvoker.retryFailed(TestInvoker.java:248)
at org.testng.internal.invokers.MethodRunner.runInSequence(MethodRunner.java:62)
at org.testng.internal.invokers.TestInvoker$MethodInvocationAgent.invoke(TestInvoker.java:957)
at org.testng.internal.invokers.TestInvoker.invokeTestMethods(TestInvoker.java:200)
at org.testng.internal.invokers.TestMethodWorker.invokeTestMethods(TestMethodWorker.java:148)
at org.testng.internal.invokers.TestMethodWorker.run(TestMethodWorker.java:128)
at java.base/java.util.concurrent.ThreadPoolExecutor.runWorker(ThreadPoolExecutor.java:1144)
at java.base/java.util.concurrent.ThreadPoolExecutor$Worker.run(ThreadPoolExecutor.java:642)
at java.base/java.lang.Thread.run(Thread.java:1583)
]]>
            </full-stacktrace>
          </exception> <!-- java.lang.AssertionError -->
          <reporter-output>
          </reporter-output>
        </test-method> <!-- verifyResetFailedPrebootLogins -->
        <test-method is-config="true" signature="afterMethod(org.testng.ITestResult)[pri:0, instance:testclass.client.sesweb.grouptest.ActionFromUserAdvancedMenu@60db1c0e]" started-at="2024-03-02T14:15:50 ICT" name="afterMethod" finished-at="2024-03-02T14:15:50 ICT" duration-ms="8" status="PASS">
          <params>
            <param index="0">
              <value>
                <![CDATA[[TestResult name=verifyCheckPBConnexPage status=SKIP method=ActionFromUserAdvancedMenu.verifyCheckPBConnexPage(java.lang.String,java.lang.String)[pri:0, instance:testclass.client.sesweb.grouptest.ActionFromUserAdvancedMenu@60db1c0e] output={null}]]]>
              </value>
            </param>
          </params>
          <reporter-output>
          </reporter-output>
        </test-method> <!-- afterMethod -->
        <test-method signature="verifyCheckPBConnexPage(java.lang.String,java.lang.String)[pri:0, instance:testclass.client.sesweb.grouptest.ActionFromUserAdvancedMenu@60db1c0e]" started-at="2024-03-02T14:15:50 ICT" name="verifyCheckPBConnexPage" description="SDTC-40308 : Group &gt; User Advanced &gt; Check PBConnex" finished-at="2024-03-02T14:16:29 ICT" depends-on-methods="ChangeTheGroupName, AssignUserToGroup" duration-ms="39025" status="FAIL">
          <params>
            <param index="0">
              <value>
                <![CDATA[firefox]]>
              </value>
            </param>
            <param index="1">
              <value>
                <![CDATA[https://nabi.asia]]>
              </value>
            </param>
          </params>
          <exception class="java.lang.AssertionError">
            <message>
              <![CDATA[ERR| Proxy element for: DefaultElementLocator 'By.id: breadcrumb_User_CheckPBConnex_4' Not displayed. Please recheck the locator]]>
            </message>
            <full-stacktrace>
              <![CDATA[java.lang.AssertionError: ERR| Proxy element for: DefaultElementLocator 'By.id: breadcrumb_User_CheckPBConnex_4' Not displayed. Please recheck the locator
at org.testng.Assert.fail(Assert.java:111)
at com.clean.ults.ElementController.waitForElementVisibility(ElementController.java:27)
at com.clean.ults.ElementController.verify(ElementController.java:60)
at com.clean.pages.users.checkpbconnexpage.CheckPBConnexVerifier.isCheckPBConnexPageDisplay(CheckPBConnexVerifier.java:17)
at testclass.client.sesweb.grouptest.ActionFromUserAdvancedMenu.verifyCheckPBConnexPage(ActionFromUserAdvancedMenu.java:70)
at java.base/jdk.internal.reflect.DirectMethodHandleAccessor.invoke(DirectMethodHandleAccessor.java:103)
at java.base/java.lang.reflect.Method.invoke(Method.java:580)
at org.testng.internal.invokers.MethodInvocationHelper.invokeMethod(MethodInvocationHelper.java:139)
at org.testng.internal.invokers.TestInvoker.invokeMethod(TestInvoker.java:664)
at org.testng.internal.invokers.TestInvoker.retryFailed(TestInvoker.java:248)
at org.testng.internal.invokers.MethodRunner.runInSequence(MethodRunner.java:62)
at org.testng.internal.invokers.TestInvoker$MethodInvocationAgent.invoke(TestInvoker.java:957)
at org.testng.internal.invokers.TestInvoker.invokeTestMethods(TestInvoker.java:200)
at org.testng.internal.invokers.TestMethodWorker.invokeTestMethods(TestMethodWorker.java:148)
at org.testng.internal.invokers.TestMethodWorker.run(TestMethodWorker.java:128)
at java.base/java.util.concurrent.ThreadPoolExecutor.runWorker(ThreadPoolExecutor.java:1144)
at java.base/java.util.concurrent.ThreadPoolExecutor$Worker.run(ThreadPoolExecutor.java:642)
at java.base/java.lang.Thread.run(Thread.java:1583)
]]>
            </full-stacktrace>
          </exception> <!-- java.lang.AssertionError -->
          <reporter-output>
          </reporter-output>
        </test-method> <!-- verifyCheckPBConnexPage -->
        <test-method is-config="true" signature="afterMethod(org.testng.ITestResult)[pri:0, instance:testclass.client.sesweb.grouptest.ActionFromUserAdvancedMenu@60db1c0e]" started-at="2024-03-02T14:16:14 ICT" name="afterMethod" finished-at="2024-03-02T14:16:14 ICT" duration-ms="5" status="PASS">
          <params>
            <param index="0">
              <value>
                <![CDATA[[TestResult name=verifyResetFailedPrebootLogins status=SKIP method=ActionFromUserAdvancedMenu.verifyResetFailedPrebootLogins(java.lang.String,java.lang.String)[pri:0, instance:testclass.client.sesweb.grouptest.ActionFromUserAdvancedMenu@60db1c0e] output={null}]]]>
              </value>
            </param>
          </params>
          <reporter-output>
          </reporter-output>
        </test-method> <!-- afterMethod -->
        <test-method signature="verifyResetFailedPrebootLogins(java.lang.String,java.lang.String)[pri:0, instance:testclass.client.sesweb.grouptest.ActionFromUserAdvancedMenu@60db1c0e]" started-at="2024-03-02T14:16:14 ICT" name="verifyResetFailedPrebootLogins" description="SDTC-40309 : Group &gt; User Advanced &gt; Reset failed preboot logins" finished-at="2024-03-02T14:16:52 ICT" depends-on-methods="ChangeTheGroupName, AssignUserToGroup" duration-ms="37572" status="FAIL">
          <params>
            <param index="0">
              <value>
                <![CDATA[firefox]]>
              </value>
            </param>
            <param index="1">
              <value>
                <![CDATA[https://nabi.asia]]>
              </value>
            </param>
          </params>
          <exception class="java.lang.AssertionError">
            <message>
              <![CDATA[ERR| Proxy element for: DefaultElementLocator 'By.xpath: //button[text()='Yes']' Not displayed. Please recheck the locator]]>
            </message>
            <full-stacktrace>
              <![CDATA[java.lang.AssertionError: ERR| Proxy element for: DefaultElementLocator 'By.xpath: //button[text()='Yes']' Not displayed. Please recheck the locator
at org.testng.Assert.fail(Assert.java:111)
at com.clean.ults.ElementController.waitForElementClickAble(ElementController.java:39)
at com.clean.ults.ElementController.click(ElementController.java:47)
at com.clean.pages.users.grouppage.GroupController.clickOnYesBtnOnConfirmationDialog(GroupController.java:77)
at testclass.client.sesweb.grouptest.ActionFromUserAdvancedMenu.verifyResetFailedPrebootLogins(ActionFromUserAdvancedMenu.java:91)
at java.base/jdk.internal.reflect.DirectMethodHandleAccessor.invoke(DirectMethodHandleAccessor.java:103)
at java.base/java.lang.reflect.Method.invoke(Method.java:580)
at org.testng.internal.invokers.MethodInvocationHelper.invokeMethod(MethodInvocationHelper.java:139)
at org.testng.internal.invokers.TestInvoker.invokeMethod(TestInvoker.java:664)
at org.testng.internal.invokers.TestInvoker.retryFailed(TestInvoker.java:248)
at org.testng.internal.invokers.MethodRunner.runInSequence(MethodRunner.java:62)
at org.testng.internal.invokers.TestInvoker$MethodInvocationAgent.invoke(TestInvoker.java:957)
at org.testng.internal.invokers.TestInvoker.invokeTestMethods(TestInvoker.java:200)
at org.testng.internal.invokers.TestMethodWorker.invokeTestMethods(TestMethodWorker.java:148)
at org.testng.internal.invokers.TestMethodWorker.run(TestMethodWorker.java:128)
at java.base/java.util.concurrent.ThreadPoolExecutor.runWorker(ThreadPoolExecutor.java:1144)
at java.base/java.util.concurrent.ThreadPoolExecutor$Worker.run(ThreadPoolExecutor.java:642)
at java.base/java.lang.Thread.run(Thread.java:1583)
]]>
            </full-stacktrace>
          </exception> <!-- java.lang.AssertionError -->
          <reporter-output>
          </reporter-output>
        </test-method> <!-- verifyResetFailedPrebootLogins -->
        <test-method is-config="true" signature="afterMethod(org.testng.ITestResult)[pri:0, instance:testclass.client.sesweb.grouptest.ActionFromUserAdvancedMenu@60db1c0e]" started-at="2024-03-02T14:16:29 ICT" name="afterMethod" finished-at="2024-03-02T14:16:29 ICT" duration-ms="102" status="PASS">
          <params>
            <param index="0">
              <value>
                <![CDATA[[TestResult name=verifyCheckPBConnexPage status=FAILURE method=ActionFromUserAdvancedMenu.verifyCheckPBConnexPage(java.lang.String,java.lang.String)[pri:0, instance:testclass.client.sesweb.grouptest.ActionFromUserAdvancedMenu@60db1c0e] output={null}]]]>
              </value>
            </param>
          </params>
          <reporter-output>
          </reporter-output>
        </test-method> <!-- afterMethod -->
        <test-method retried="true" signature="verifyTheChallengeResponsePage(java.lang.String,java.lang.String)[pri:0, instance:testclass.client.sesweb.grouptest.ActionFromUserAdvancedMenu@60db1c0e]" started-at="2024-03-02T14:16:29 ICT" name="verifyTheChallengeResponsePage" description="SDTC-40307 : Group &gt; User Advanced &gt; Challenge Response" finished-at="2024-03-02T14:17:07 ICT" depends-on-methods="ChangeTheGroupName, AssignUserToGroup" duration-ms="37586" status="SKIP">
          <params>
            <param index="0">
              <value>
                <![CDATA[firefox]]>
              </value>
            </param>
            <param index="1">
              <value>
                <![CDATA[https://nabi.asia]]>
              </value>
            </param>
          </params>
          <exception class="java.lang.AssertionError">
            <message>
              <![CDATA[ERR| Proxy element for: DefaultElementLocator 'By.id: breadcrumb_User_ChallengeResponse_4' Not displayed. Please recheck the locator]]>
            </message>
            <full-stacktrace>
              <![CDATA[java.lang.AssertionError: ERR| Proxy element for: DefaultElementLocator 'By.id: breadcrumb_User_ChallengeResponse_4' Not displayed. Please recheck the locator
at org.testng.Assert.fail(Assert.java:111)
at com.clean.ults.ElementController.waitForElementVisibility(ElementController.java:27)
at com.clean.ults.ElementController.verify(ElementController.java:60)
at com.clean.pages.users.challengeresponsepage.ChallengeResponseVerifier.isCheckChallengeResponsePageDisplay(ChallengeResponseVerifier.java:17)
at testclass.client.sesweb.grouptest.ActionFromUserAdvancedMenu.verifyTheChallengeResponsePage(ActionFromUserAdvancedMenu.java:42)
at java.base/jdk.internal.reflect.DirectMethodHandleAccessor.invoke(DirectMethodHandleAccessor.java:103)
at java.base/java.lang.reflect.Method.invoke(Method.java:580)
at org.testng.internal.invokers.MethodInvocationHelper.invokeMethod(MethodInvocationHelper.java:139)
at org.testng.internal.invokers.TestInvoker.invokeMethod(TestInvoker.java:664)
at org.testng.internal.invokers.TestInvoker.invokeTestMethod(TestInvoker.java:227)
at org.testng.internal.invokers.MethodRunner.runInSequence(MethodRunner.java:50)
at org.testng.internal.invokers.TestInvoker$MethodInvocationAgent.invoke(TestInvoker.java:957)
at org.testng.internal.invokers.TestInvoker.invokeTestMethods(TestInvoker.java:200)
at org.testng.internal.invokers.TestMethodWorker.invokeTestMethods(TestMethodWorker.java:148)
at org.testng.internal.invokers.TestMethodWorker.run(TestMethodWorker.java:128)
at java.base/java.util.concurrent.ThreadPoolExecutor.runWorker(ThreadPoolExecutor.java:1144)
at java.base/java.util.concurrent.ThreadPoolExecutor$Worker.run(ThreadPoolExecutor.java:642)
at java.base/java.lang.Thread.run(Thread.java:1583)
]]>
            </full-stacktrace>
          </exception> <!-- java.lang.AssertionError -->
          <reporter-output>
          </reporter-output>
        </test-method> <!-- verifyTheChallengeResponsePage -->
        <test-method is-config="true" signature="afterMethod(org.testng.ITestResult)[pri:0, instance:testclass.client.sesweb.grouptest.ActionFromUserAdvancedMenu@60db1c0e]" started-at="2024-03-02T14:16:52 ICT" name="afterMethod" finished-at="2024-03-02T14:16:52 ICT" duration-ms="101" status="PASS">
          <params>
            <param index="0">
              <value>
                <![CDATA[[TestResult name=verifyResetFailedPrebootLogins status=FAILURE method=ActionFromUserAdvancedMenu.verifyResetFailedPrebootLogins(java.lang.String,java.lang.String)[pri:0, instance:testclass.client.sesweb.grouptest.ActionFromUserAdvancedMenu@60db1c0e] output={null}]]]>
              </value>
            </param>
          </params>
          <reporter-output>
          </reporter-output>
        </test-method> <!-- afterMethod -->
        <test-method is-config="true" signature="afterMethod(org.testng.ITestResult)[pri:0, instance:testclass.client.sesweb.grouptest.ActionFromUserAdvancedMenu@60db1c0e]" started-at="2024-03-02T14:17:07 ICT" name="afterMethod" finished-at="2024-03-02T14:17:07 ICT" duration-ms="6" status="PASS">
          <params>
            <param index="0">
              <value>
                <![CDATA[[TestResult name=verifyTheChallengeResponsePage status=SKIP method=ActionFromUserAdvancedMenu.verifyTheChallengeResponsePage(java.lang.String,java.lang.String)[pri:0, instance:testclass.client.sesweb.grouptest.ActionFromUserAdvancedMenu@60db1c0e] output={null}]]]>
              </value>
            </param>
          </params>
          <reporter-output>
          </reporter-output>
        </test-method> <!-- afterMethod -->
        <test-method retried="true" signature="verifyTheChallengeResponsePage(java.lang.String,java.lang.String)[pri:0, instance:testclass.client.sesweb.grouptest.ActionFromUserAdvancedMenu@60db1c0e]" started-at="2024-03-02T14:17:07 ICT" name="verifyTheChallengeResponsePage" description="SDTC-40307 : Group &gt; User Advanced &gt; Challenge Response" finished-at="2024-03-02T14:17:44 ICT" depends-on-methods="ChangeTheGroupName, AssignUserToGroup" duration-ms="37835" status="SKIP">
          <params>
            <param index="0">
              <value>
                <![CDATA[firefox]]>
              </value>
            </param>
            <param index="1">
              <value>
                <![CDATA[https://nabi.asia]]>
              </value>
            </param>
          </params>
          <exception class="java.lang.AssertionError">
            <message>
              <![CDATA[ERR| Proxy element for: DefaultElementLocator 'By.id: breadcrumb_User_ChallengeResponse_4' Not displayed. Please recheck the locator]]>
            </message>
            <full-stacktrace>
              <![CDATA[java.lang.AssertionError: ERR| Proxy element for: DefaultElementLocator 'By.id: breadcrumb_User_ChallengeResponse_4' Not displayed. Please recheck the locator
at org.testng.Assert.fail(Assert.java:111)
at com.clean.ults.ElementController.waitForElementVisibility(ElementController.java:27)
at com.clean.ults.ElementController.verify(ElementController.java:60)
at com.clean.pages.users.challengeresponsepage.ChallengeResponseVerifier.isCheckChallengeResponsePageDisplay(ChallengeResponseVerifier.java:17)
at testclass.client.sesweb.grouptest.ActionFromUserAdvancedMenu.verifyTheChallengeResponsePage(ActionFromUserAdvancedMenu.java:42)
at java.base/jdk.internal.reflect.DirectMethodHandleAccessor.invoke(DirectMethodHandleAccessor.java:103)
at java.base/java.lang.reflect.Method.invoke(Method.java:580)
at org.testng.internal.invokers.MethodInvocationHelper.invokeMethod(MethodInvocationHelper.java:139)
at org.testng.internal.invokers.TestInvoker.invokeMethod(TestInvoker.java:664)
at org.testng.internal.invokers.TestInvoker.retryFailed(TestInvoker.java:248)
at org.testng.internal.invokers.MethodRunner.runInSequence(MethodRunner.java:62)
at org.testng.internal.invokers.TestInvoker$MethodInvocationAgent.invoke(TestInvoker.java:957)
at org.testng.internal.invokers.TestInvoker.invokeTestMethods(TestInvoker.java:200)
at org.testng.internal.invokers.TestMethodWorker.invokeTestMethods(TestMethodWorker.java:148)
at org.testng.internal.invokers.TestMethodWorker.run(TestMethodWorker.java:128)
at java.base/java.util.concurrent.ThreadPoolExecutor.runWorker(ThreadPoolExecutor.java:1144)
at java.base/java.util.concurrent.ThreadPoolExecutor$Worker.run(ThreadPoolExecutor.java:642)
at java.base/java.lang.Thread.run(Thread.java:1583)
]]>
            </full-stacktrace>
[...]
          <exception class="java.lang.Throwable">
            <message>
              <![CDATA[Method testclass.client.sesweb.grouptest.GroupTest.ChangeTheDescription() on instance testclass.client.sesweb.grouptest.GroupTest@769a1df5 depends on not successfully finished methods 
[testclass.client.sesweb.grouptest.GroupTest.ChangeTheGroupName() on instance testclass.client.sesweb.grouptest.GroupTest@769a1df5]]]>
            </message>
            <full-stacktrace>
              <![CDATA[java.lang.Throwable: Method testclass.client.sesweb.grouptest.GroupTest.ChangeTheDescription() on instance testclass.client.sesweb.grouptest.GroupTest@769a1df5 depends on not successfully finished methods 
[testclass.client.sesweb.grouptest.GroupTest.ChangeTheGroupName() on instance testclass.client.sesweb.grouptest.GroupTest@769a1df5]
at org.testng.internal.invokers.TestInvoker.invokeTestMethods(TestInvoker.java:156)
at org.testng.internal.invokers.TestMethodWorker.invokeTestMethods(TestMethodWorker.java:148)
at org.testng.internal.invokers.TestMethodWorker.run(TestMethodWorker.java:128)
at java.base/java.util.concurrent.ThreadPoolExecutor.runWorker(ThreadPoolExecutor.java:1144)
at java.base/java.util.concurrent.ThreadPoolExecutor$Worker.run(ThreadPoolExecutor.java:642)
at java.base/java.lang.Thread.run(Thread.java:1583)
]]>
            </full-stacktrace>
          </exception> <!-- java.lang.Throwable -->
          <reporter-output>
          </reporter-output>
        </test-method> <!-- ChangeTheDescription -->
        <test-method signature="EditPBNPolicyOfGroupProperties(java.lang.String,java.lang.String)[pri:0, instance:testclass.client.sesweb.grouptest.GroupTest@769a1df5]" started-at="2024-03-02T14:16:52 ICT" name="EditPBNPolicyOfGroupProperties" description="SDTC-40315 : Group Properties: Permissions &gt; Edit PBConnex policies (e.g: PBN AutoBoot" finished-at="2024-03-02T14:16:52 ICT" depends-on-methods="testclass.client.sesweb.grouptest.GroupTest.ChangeTheGroupName" duration-ms="0" status="SKIP">
          <exception class="java.lang.Throwable">
            <message>
              <![CDATA[Method testclass.client.sesweb.grouptest.GroupTest.EditPBNPolicyOfGroupProperties() on instance testclass.client.sesweb.grouptest.GroupTest@769a1df5 depends on not successfully finished methods 
[testclass.client.sesweb.grouptest.GroupTest.ChangeTheGroupName() on instance testclass.client.sesweb.grouptest.GroupTest@769a1df5]]]>
            </message>
            <full-stacktrace>
              <![CDATA[java.lang.Throwable: Method testclass.client.sesweb.grouptest.GroupTest.EditPBNPolicyOfGroupProperties() on instance testclass.client.sesweb.grouptest.GroupTest@769a1df5 depends on not successfully finished methods 
[testclass.client.sesweb.grouptest.GroupTest.ChangeTheGroupName() on instance testclass.client.sesweb.grouptest.GroupTest@769a1df5]
at org.testng.internal.invokers.TestInvoker.invokeTestMethods(TestInvoker.java:156)
at org.testng.internal.invokers.TestMethodWorker.invokeTestMethods(TestMethodWorker.java:148)
at org.testng.internal.invokers.TestMethodWorker.run(TestMethodWorker.java:128)
at java.base/java.util.concurrent.ThreadPoolExecutor.runWorker(ThreadPoolExecutor.java:1144)
at java.base/java.util.concurrent.ThreadPoolExecutor$Worker.run(ThreadPoolExecutor.java:642)
at java.base/java.lang.Thread.run(Thread.java:1583)
]]>
            </full-stacktrace>
          </exception> <!-- java.lang.Throwable -->
          <reporter-output>
          </reporter-output>
        </test-method> <!-- EditPBNPolicyOfGroupProperties -->
        <test-method signature="EditPermissionOfGroupProperties(java.lang.String,java.lang.String)[pri:0, instance:testclass.client.sesweb.grouptest.GroupTest@769a1df5]" started-at="2024-03-02T14:16:52 ICT" name="EditPermissionOfGroupProperties" description="SDTC-40314 : Group Properties: Permissions &gt; Edit Privileges" finished-at="2024-03-02T14:16:52 ICT" depends-on-methods="testclass.client.sesweb.grouptest.GroupTest.ChangeTheGroupName" duration-ms="0" status="SKIP">
          <exception class="java.lang.Throwable">
            <message>
              <![CDATA[Method testclass.client.sesweb.grouptest.GroupTest.EditPermissionOfGroupProperties() on instance testclass.client.sesweb.grouptest.GroupTest@769a1df5 depends on not successfully finished methods 
[testclass.client.sesweb.grouptest.GroupTest.ChangeTheGroupName() on instance testclass.client.sesweb.grouptest.GroupTest@769a1df5]]]>
            </message>
            <full-stacktrace>
              <![CDATA[java.lang.Throwable: Method testclass.client.sesweb.grouptest.GroupTest.EditPermissionOfGroupProperties() on instance testclass.client.sesweb.grouptest.GroupTest@769a1df5 depends on not successfully finished methods 
[testclass.client.sesweb.grouptest.GroupTest.ChangeTheGroupName() on instance testclass.client.sesweb.grouptest.GroupTest@769a1df5]
at org.testng.internal.invokers.TestInvoker.invokeTestMethods(TestInvoker.java:156)
at org.testng.internal.invokers.TestMethodWorker.invokeTestMethods(TestMethodWorker.java:148)
at org.testng.internal.invokers.TestMethodWorker.run(TestMethodWorker.java:128)
at java.base/java.util.concurrent.ThreadPoolExecutor.runWorker(ThreadPoolExecutor.java:1144)
at java.base/java.util.concurrent.ThreadPoolExecutor$Worker.run(ThreadPoolExecutor.java:642)
at java.base/java.lang.Thread.run(Thread.java:1583)
]]>
            </full-stacktrace>
          </exception> <!-- java.lang.Throwable -->
          <reporter-output>
          </reporter-output>
        </test-method> <!-- EditPermissionOfGroupProperties -->
        <test-method signature="RemoveGroupToGroupProperties(java.lang.String,java.lang.String)[pri:0, instance:testclass.client.sesweb.grouptest.GroupTest@769a1df5]" started-at="2024-03-02T14:16:52 ICT" name="RemoveGroupToGroupProperties" description="SDTC-40320 : Group Properties: Groups &gt; Remove from parent group" finished-at="2024-03-02T14:16:52 ICT" depends-on-methods="testclass.client.sesweb.grouptest.GroupTest.AssignGroupToGroupProperties" duration-ms="0" status="SKIP">
          <exception class="java.lang.Throwable">
            <message>
              <![CDATA[Method testclass.client.sesweb.grouptest.GroupTest.RemoveGroupToGroupProperties() on instance testclass.client.sesweb.grouptest.GroupTest@769a1df5 depends on not successfully finished methods 
[testclass.client.sesweb.grouptest.GroupTest.AssignGroupToGroupProperties() on instance testclass.client.sesweb.grouptest.GroupTest@769a1df5]]]>
            </message>
            <full-stacktrace>
              <![CDATA[java.lang.Throwable: Method testclass.client.sesweb.grouptest.GroupTest.RemoveGroupToGroupProperties() on instance testclass.client.sesweb.grouptest.GroupTest@769a1df5 depends on not successfully finished methods 
[testclass.client.sesweb.grouptest.GroupTest.AssignGroupToGroupProperties() on instance testclass.client.sesweb.grouptest.GroupTest@769a1df5]
at org.testng.internal.invokers.TestInvoker.invokeTestMethods(TestInvoker.java:156)
at org.testng.internal.invokers.TestMethodWorker.invokeTestMethods(TestMethodWorker.java:148)
at org.testng.internal.invokers.TestMethodWorker.run(TestMethodWorker.java:128)
at java.base/java.util.concurrent.ThreadPoolExecutor.runWorker(ThreadPoolExecutor.java:1144)
at java.base/java.util.concurrent.ThreadPoolExecutor$Worker.run(ThreadPoolExecutor.java:642)
at java.base/java.lang.Thread.run(Thread.java:1583)
]]>
            </full-stacktrace>
          </exception> <!-- java.lang.Throwable -->
          <reporter-output>
          </reporter-output>
        </test-method> <!-- RemoveGroupToGroupProperties -->
        <test-method signature="RemoveKeyToGroupProperties(java.lang.String,java.lang.String)[pri:0, instance:testclass.client.sesweb.grouptest.GroupTest@769a1df5]" started-at="2024-03-02T14:16:52 ICT" name="RemoveKeyToGroupProperties" description="SDTC-40318 : Group Properties: Keys &gt; Remove key" finished-at="2024-03-02T14:16:52 ICT" depends-on-methods="testclass.client.sesweb.grouptest.GroupTest.AssignKeyToGroupProperties" duration-ms="0" status="SKIP">
          <exception class="java.lang.Throwable">
            <message>
              <![CDATA[Method testclass.client.sesweb.grouptest.GroupTest.RemoveKeyToGroupProperties() on instance testclass.client.sesweb.grouptest.GroupTest@769a1df5 depends on not successfully finished methods 
[testclass.client.sesweb.grouptest.GroupTest.AssignKeyToGroupProperties() on instance testclass.client.sesweb.grouptest.GroupTest@769a1df5]]]>
            </message>
            <full-stacktrace>
              <![CDATA[java.lang.Throwable: Method testclass.client.sesweb.grouptest.GroupTest.RemoveKeyToGroupProperties() on instance testclass.client.sesweb.grouptest.GroupTest@769a1df5 depends on not successfully finished methods 
[testclass.client.sesweb.grouptest.GroupTest.AssignKeyToGroupProperties() on instance testclass.client.sesweb.grouptest.GroupTest@769a1df5]
at org.testng.internal.invokers.TestInvoker.invokeTestMethods(TestInvoker.java:156)
at org.testng.internal.invokers.TestMethodWorker.invokeTestMethods(TestMethodWorker.java:148)
at org.testng.internal.invokers.TestMethodWorker.run(TestMethodWorker.java:128)
at java.base/java.util.concurrent.ThreadPoolExecutor.runWorker(ThreadPoolExecutor.java:1144)
at java.base/java.util.concurrent.ThreadPoolExecutor$Worker.run(ThreadPoolExecutor.java:642)
at java.base/java.lang.Thread.run(Thread.java:1583)
]]>
            </full-stacktrace>
          </exception> <!-- java.lang.Throwable -->
          <reporter-output>
          </reporter-output>
        </test-method> <!-- RemoveKeyToGroupProperties -->
        <test-method signature="RemoveSPToGroupProperties(java.lang.String,java.lang.String)[pri:0, instance:testclass.client.sesweb.grouptest.GroupTest@769a1df5]" started-at="2024-03-02T14:16:52 ICT" name="RemoveSPToGroupProperties" description="SDTC-44655 : Group Properties: Service Provider &gt; Remove Service Providers" finished-at="2024-03-02T14:16:52 ICT" depends-on-methods="testclass.client.sesweb.grouptest.GroupTest.AssignTheSPToGroup" duration-ms="0" status="SKIP">
          <exception class="java.lang.Throwable">
            <message>
              <![CDATA[Method testclass.client.sesweb.grouptest.GroupTest.RemoveSPToGroupProperties() on instance testclass.client.sesweb.grouptest.GroupTest@769a1df5 depends on not successfully finished methods 
[testclass.client.sesweb.grouptest.GroupTest.AssignTheSPToGroup() on instance testclass.client.sesweb.grouptest.GroupTest@769a1df5]]]>
            </message>
            <full-stacktrace>
              <![CDATA[java.lang.Throwable: Method testclass.client.sesweb.grouptest.GroupTest.RemoveSPToGroupProperties() on instance testclass.client.sesweb.grouptest.GroupTest@769a1df5 depends on not successfully finished methods 
[testclass.client.sesweb.grouptest.GroupTest.AssignTheSPToGroup() on instance testclass.client.sesweb.grouptest.GroupTest@769a1df5]
at org.testng.internal.invokers.TestInvoker.invokeTestMethods(TestInvoker.java:156)
at org.testng.internal.invokers.TestMethodWorker.invokeTestMethods(TestMethodWorker.java:148)
at org.testng.internal.invokers.TestMethodWorker.run(TestMethodWorker.java:128)
at java.base/java.util.concurrent.ThreadPoolExecutor.runWorker(ThreadPoolExecutor.java:1144)
at java.base/java.util.concurrent.ThreadPoolExecutor$Worker.run(ThreadPoolExecutor.java:642)
at java.base/java.lang.Thread.run(Thread.java:1583)
]]>
            </full-stacktrace>
          </exception> <!-- java.lang.Throwable -->
          <reporter-output>
          </reporter-output>
        </test-method> <!-- RemoveSPToGroupProperties -->
        <test-method signature="VerifyBackFeatureFromGroupProperties(java.lang.String,java.lang.String)[pri:0, instance:testclass.client.sesweb.grouptest.GroupTest@769a1df5]" started-at="2024-03-02T14:16:52 ICT" name="VerifyBackFeatureFromGroupProperties" description="SDTC-40312 : Group Properties: General &gt; Back" finished-at="2024-03-02T14:16:52 ICT" depends-on-methods="testclass.client.sesweb.grouptest.GroupTest.ChangeTheGroupName" duration-ms="0" status="SKIP">
          <exception class="java.lang.Throwable">
            <message>
              <![CDATA[Method testclass.client.sesweb.grouptest.GroupTest.VerifyBackFeatureFromGroupProperties() on instance testclass.client.sesweb.grouptest.GroupTest@769a1df5 depends on not successfully finished methods 
[testclass.client.sesweb.grouptest.GroupTest.ChangeTheGroupName() on instance testclass.client.sesweb.grouptest.GroupTest@769a1df5]]]>
            </message>
            <full-stacktrace>
              <![CDATA[java.lang.Throwable: Method testclass.client.sesweb.grouptest.GroupTest.VerifyBackFeatureFromGroupProperties() on instance testclass.client.sesweb.grouptest.GroupTest@769a1df5 depends on not successfully finished methods 
[testclass.client.sesweb.grouptest.GroupTest.ChangeTheGroupName() on instance testclass.client.sesweb.grouptest.GroupTest@769a1df5]
at org.testng.internal.invokers.TestInvoker.invokeTestMethods(TestInvoker.java:156)
at org.testng.internal.invokers.TestMethodWorker.invokeTestMethods(TestMethodWorker.java:148)
at org.testng.internal.invokers.TestMethodWorker.run(TestMethodWorker.java:128)
at java.base/java.util.concurrent.ThreadPoolExecutor.runWorker(ThreadPoolExecutor.java:1144)
at java.base/java.util.concurrent.ThreadPoolExecutor$Worker.run(ThreadPoolExecutor.java:642)
at java.base/java.lang.Thread.run(Thread.java:1583)
]]>
            </full-stacktrace>
          </exception> <!-- java.lang.Throwable -->
          <reporter-output>
          </reporter-output>
        </test-method> <!-- VerifyBackFeatureFromGroupProperties -->
        <test-method signature="VerifyBackFeatureFromGroupsTab(java.lang.String,java.lang.String)[pri:0, instance:testclass.client.sesweb.grouptest.GroupTest@769a1df5]" started-at="2024-03-02T14:16:52 ICT" name="VerifyBackFeatureFromGroupsTab" description="SDTC-40319 : Group Properties: Groups &gt; Back" finished-at="2024-03-02T14:16:52 ICT" depends-on-methods="testclass.client.sesweb.grouptest.GroupTest.ChangeTheGroupName" duration-ms="0" status="SKIP">
          <exception class="java.lang.Throwable">
            <message>
              <![CDATA[Method testclass.client.sesweb.grouptest.GroupTest.VerifyBackFeatureFromGroupsTab() on instance testclass.client.sesweb.grouptest.GroupTest@769a1df5 depends on not successfully finished methods 
[testclass.client.sesweb.grouptest.GroupTest.ChangeTheGroupName() on instance testclass.client.sesweb.grouptest.GroupTest@769a1df5]]]>
            </message>
            <full-stacktrace>
              <![CDATA[java.lang.Throwable: Method testclass.client.sesweb.grouptest.GroupTest.VerifyBackFeatureFromGroupsTab() on instance testclass.client.sesweb.grouptest.GroupTest@769a1df5 depends on not successfully finished methods 
[testclass.client.sesweb.grouptest.GroupTest.ChangeTheGroupName() on instance testclass.client.sesweb.grouptest.GroupTest@769a1df5]
at org.testng.internal.invokers.TestInvoker.invokeTestMethods(TestInvoker.java:156)
at org.testng.internal.invokers.TestMethodWorker.invokeTestMethods(TestMethodWorker.java:148)
at org.testng.internal.invokers.TestMethodWorker.run(TestMethodWorker.java:128)
at java.base/java.util.concurrent.ThreadPoolExecutor.runWorker(ThreadPoolExecutor.java:1144)
at java.base/java.util.concurrent.ThreadPoolExecutor$Worker.run(ThreadPoolExecutor.java:642)
at java.base/java.lang.Thread.run(Thread.java:1583)
]]>
            </full-stacktrace>
          </exception> <!-- java.lang.Throwable -->
          <reporter-output>
          </reporter-output>
        </test-method> <!-- VerifyBackFeatureFromGroupsTab -->
        <test-method signature="VerifyBackFeatureFromKeysTab(java.lang.String,java.lang.String)[pri:0, instance:testclass.client.sesweb.grouptest.GroupTest@769a1df5]" started-at="2024-03-02T14:16:52 ICT" name="VerifyBackFeatureFromKeysTab" description="SDTC-40316 : Group Properties: Keys &gt; Back" finished-at="2024-03-02T14:16:52 ICT" depends-on-methods="testclass.client.sesweb.grouptest.GroupTest.ChangeTheGroupName" duration-ms="0" status="SKIP">
          <exception class="java.lang.Throwable">
            <message>
              <![CDATA[Method testclass.client.sesweb.grouptest.GroupTest.VerifyBackFeatureFromKeysTab() on instance testclass.client.sesweb.grouptest.GroupTest@769a1df5 depends on not successfully finished methods 
[testclass.client.sesweb.grouptest.GroupTest.ChangeTheGroupName() on instance testclass.client.sesweb.grouptest.GroupTest@769a1df5]]]>
            </message>
            <full-stacktrace>
              <![CDATA[java.lang.Throwable: Method testclass.client.sesweb.grouptest.GroupTest.VerifyBackFeatureFromKeysTab() on instance testclass.client.sesweb.grouptest.GroupTest@769a1df5 depends on not successfully finished methods 
[testclass.client.sesweb.grouptest.GroupTest.ChangeTheGroupName() on instance testclass.client.sesweb.grouptest.GroupTest@769a1df5]
at org.testng.internal.invokers.TestInvoker.invokeTestMethods(TestInvoker.java:156)
at org.testng.internal.invokers.TestMethodWorker.invokeTestMethods(TestMethodWorker.java:148)
at org.testng.internal.invokers.TestMethodWorker.run(TestMethodWorker.java:128)
at java.base/java.util.concurrent.ThreadPoolExecutor.runWorker(ThreadPoolExecutor.java:1144)
at java.base/java.util.concurrent.ThreadPoolExecutor$Worker.run(ThreadPoolExecutor.java:642)
at java.base/java.lang.Thread.run(Thread.java:1583)
]]>
            </full-stacktrace>
          </exception> <!-- java.lang.Throwable -->
          <reporter-output>
          </reporter-output>
        </test-method> <!-- VerifyBackFeatureFromKeysTab -->
        <test-method signature="VerifyBackFeatureFromPermissionTab(java.lang.String,java.lang.String)[pri:0, instance:testclass.client.sesweb.grouptest.GroupTest@769a1df5]" started-at="2024-03-02T14:16:52 ICT" name="VerifyBackFeatureFromPermissionTab" description="SDTC-40313 : Group Properties: Permissions &gt; Back" finished-at="2024-03-02T14:16:52 ICT" depends-on-methods="testclass.client.sesweb.grouptest.GroupTest.ChangeTheGroupName" duration-ms="0" status="SKIP">
          <exception class="java.lang.Throwable">
            <message>
              <![CDATA[Method testclass.client.sesweb.grouptest.GroupTest.VerifyBackFeatureFromPermissionTab() on instance testclass.client.sesweb.grouptest.GroupTest@769a1df5 depends on not successfully finished methods 
[testclass.client.sesweb.grouptest.GroupTest.ChangeTheGroupName() on instance testclass.client.sesweb.grouptest.GroupTest@769a1df5]]]>
            </message>
            <full-stacktrace>
              <![CDATA[java.lang.Throwable: Method testclass.client.sesweb.grouptest.GroupTest.VerifyBackFeatureFromPermissionTab() on instance testclass.client.sesweb.grouptest.GroupTest@769a1df5 depends on not successfully finished methods 
[testclass.client.sesweb.grouptest.GroupTest.ChangeTheGroupName() on instance testclass.client.sesweb.grouptest.GroupTest@769a1df5]
at org.testng.internal.invokers.TestInvoker.invokeTestMethods(TestInvoker.java:156)
at org.testng.internal.invokers.TestMethodWorker.invokeTestMethods(TestMethodWorker.java:148)
at org.testng.internal.invokers.TestMethodWorker.run(TestMethodWorker.java:128)
at java.base/java.util.concurrent.ThreadPoolExecutor.runWorker(ThreadPoolExecutor.java:1144)
at java.base/java.util.concurrent.ThreadPoolExecutor$Worker.run(ThreadPoolExecutor.java:642)
at java.base/java.lang.Thread.run(Thread.java:1583)
]]>
            </full-stacktrace>
          </exception> <!-- java.lang.Throwable -->
          <reporter-output>
          </reporter-output>
        </test-method> <!-- VerifyBackFeatureFromPermissionTab -->
      </class> <!-- testclass.client.sesweb.grouptest.GroupTest -->
    </test> <!-- firefox -->
  </suite> <!-- Regression -->
</testng-results>
